#-----------------------------------------------------------
# Vivado v2020.2 (64-bit)
# SW Build 3064766 on Wed Nov 18 09:12:45 MST 2020
# IP Build 3064653 on Wed Nov 18 14:17:31 MST 2020
# Start of session at: Thu Apr 14 21:21:43 2022
# Process ID: 17516
# Current directory: C:/Academico/UA/4ano/2semestre/CR/Pratica/Guiao4/parte2
# Command line: vivado.exe -gui_launcher_event rodinguilauncherevent14756 C:\Academico\UA\4ano\2semestre\CR\Pratica\Guiao4\parte2\parte2.xpr
# Log file: C:/Academico/UA/4ano/2semestre/CR/Pratica/Guiao4/parte2/vivado.log
# Journal file: C:/Academico/UA/4ano/2semestre/CR/Pratica/Guiao4/parte2\vivado.jou
#-----------------------------------------------------------
start_gui
open_project C:/Academico/UA/4ano/2semestre/CR/Pratica/Guiao4/parte2/parte2.xpr
WARNING: [filemgmt 56-3] Default IP Output Path : Could not find the directory 'C:/Academico/UA/4ano/2semestre/CR/Pratica/Guiao4/parte2/parte2.gen/sources_1'.
Scanning sources...
Finished scanning sources
INFO: [IP_Flow 19-234] Refreshing IP repositories
INFO: [IP_Flow 19-1704] No user IP repositories specified
INFO: [IP_Flow 19-2313] Loaded Vivado IP repository 'C:/Xilinx/Vivado/2020.2/data/ip'.
open_project: Time (s): cpu = 00:00:43 ; elapsed = 00:00:17 . Memory (MB): peak = 985.613 ; gain = 0.000
update_compile_order -fileset sources_1
reset_run synth_1
launch_runs synth_1 -jobs 4
[Thu Apr 14 21:26:10 2022] Launched synth_1...
Run output will be captured here: C:/Academico/UA/4ano/2semestre/CR/Pratica/Guiao4/parte2/parte2.runs/synth_1/runme.log
launch_runs impl_1 -jobs 4
[Thu Apr 14 21:28:38 2022] Launched impl_1...
Run output will be captured here: C:/Academico/UA/4ano/2semestre/CR/Pratica/Guiao4/parte2/parte2.runs/impl_1/runme.log
launch_runs impl_1 -to_step write_bitstream -jobs 4
[Thu Apr 14 21:30:44 2022] Launched impl_1...
Run output will be captured here: C:/Academico/UA/4ano/2semestre/CR/Pratica/Guiao4/parte2/parte2.runs/impl_1/runme.log
open_hw_manager
connect_hw_server -allow_non_jtag
INFO: [Labtools 27-2285] Connecting to hw_server url TCP:localhost:3121
INFO: [Labtools 27-2222] Launching hw_server...
INFO: [Labtools 27-2221] Launch Output:

****** Xilinx hw_server v2020.2
  **** Build date : Nov 18 2020 at 10:01:48
    ** Copyright 1986-2020 Xilinx, Inc. All Rights Reserved.


INFO: [Labtools 27-3415] Connecting to cs_server url TCP:localhost:3042
INFO: [Labtools 27-3417] Launching cs_server...
INFO: [Labtools 27-2221] Launch Output:


******** Xilinx cs_server v2020.2
  ****** Build date   : Nov 03 2020-21:02:56
    **** Build number : 2020.2.1604437376
      ** Copyright 2017-2020 Xilinx, Inc. All Rights Reserved.



connect_hw_server: Time (s): cpu = 00:00:03 ; elapsed = 00:00:23 . Memory (MB): peak = 985.613 ; gain = 0.000
open_hw_target
INFO: [Labtoolstcl 44-466] Opening hw_target localhost:3121/xilinx_tcf/Digilent/210274505240A
open_hw_target: Time (s): cpu = 00:00:09 ; elapsed = 00:00:09 . Memory (MB): peak = 2300.691 ; gain = 1315.078
set_property PROGRAM.FILE {C:/Academico/UA/4ano/2semestre/CR/Pratica/Guiao4/parte2/parte2.runs/impl_1/countdown_timer.bit} [get_hw_devices xc7a100t_0]
current_hw_device [get_hw_devices xc7a100t_0]
refresh_hw_device -update_hw_probes false [lindex [get_hw_devices xc7a100t_0] 0]
INFO: [Labtools 27-1435] Device xc7a100t (JTAG device index = 0) is not programmed (DONE status = 0).
set_property PROBES.FILE {} [get_hw_devices xc7a100t_0]
set_property FULL_PROBES.FILE {} [get_hw_devices xc7a100t_0]
set_property PROGRAM.FILE {C:/Academico/UA/4ano/2semestre/CR/Pratica/Guiao4/parte2/parte2.runs/impl_1/countdown_timer.bit} [get_hw_devices xc7a100t_0]
program_hw_devices [get_hw_devices xc7a100t_0]
INFO: [Labtools 27-3164] End of startup status: HIGH
refresh_hw_device [lindex [get_hw_devices xc7a100t_0] 0]
INFO: [Labtools 27-1434] Device xc7a100t (JTAG device index = 0) is programmed with a design that has no supported debug core(s) in it.
close_hw_manager
reset_run synth_1
launch_runs synth_1 -jobs 4
[Thu Apr 14 21:36:34 2022] Launched synth_1...
Run output will be captured here: C:/Academico/UA/4ano/2semestre/CR/Pratica/Guiao4/parte2/parte2.runs/synth_1/runme.log
launch_runs impl_1 -jobs 4
[Thu Apr 14 21:37:59 2022] Launched impl_1...
Run output will be captured here: C:/Academico/UA/4ano/2semestre/CR/Pratica/Guiao4/parte2/parte2.runs/impl_1/runme.log
launch_runs impl_1 -to_step write_bitstream -jobs 4
[Thu Apr 14 21:40:11 2022] Launched impl_1...
Run output will be captured here: C:/Academico/UA/4ano/2semestre/CR/Pratica/Guiao4/parte2/parte2.runs/impl_1/runme.log
open_hw_manager
connect_hw_server -allow_non_jtag
INFO: [Labtools 27-2285] Connecting to hw_server url TCP:localhost:3121
INFO: [Labtools 27-2222] Launching hw_server...
INFO: [Labtools 27-2221] Launch Output:

****** Xilinx hw_server v2020.2
  **** Build date : Nov 18 2020 at 10:01:48
    ** Copyright 1986-2020 Xilinx, Inc. All Rights Reserved.


INFO: [Labtools 27-3415] Connecting to cs_server url TCP:localhost:3042
INFO: [Labtools 27-3417] Launching cs_server...
INFO: [Labtools 27-2221] Launch Output:


******** Xilinx cs_server v2020.2
  ****** Build date   : Nov 03 2020-21:02:56
    **** Build number : 2020.2.1604437376
      ** Copyright 2017-2020 Xilinx, Inc. All Rights Reserved.



connect_hw_server: Time (s): cpu = 00:00:02 ; elapsed = 00:00:18 . Memory (MB): peak = 2349.855 ; gain = 0.000
open_hw_target
INFO: [Labtoolstcl 44-466] Opening hw_target localhost:3121/xilinx_tcf/Digilent/210274505240A
set_property PROGRAM.FILE {C:/Academico/UA/4ano/2semestre/CR/Pratica/Guiao4/parte2/parte2.runs/impl_1/countdown_timer.bit} [get_hw_devices xc7a100t_0]
current_hw_device [get_hw_devices xc7a100t_0]
refresh_hw_device -update_hw_probes false [lindex [get_hw_devices xc7a100t_0] 0]
INFO: [Labtools 27-1435] Device xc7a100t (JTAG device index = 0) is not programmed (DONE status = 0).
set_property PROBES.FILE {} [get_hw_devices xc7a100t_0]
set_property FULL_PROBES.FILE {} [get_hw_devices xc7a100t_0]
set_property PROGRAM.FILE {C:/Academico/UA/4ano/2semestre/CR/Pratica/Guiao4/parte2/parte2.runs/impl_1/countdown_timer.bit} [get_hw_devices xc7a100t_0]
program_hw_devices [get_hw_devices xc7a100t_0]
INFO: [Labtools 27-3164] End of startup status: HIGH
refresh_hw_device [lindex [get_hw_devices xc7a100t_0] 0]
INFO: [Labtools 27-1434] Device xc7a100t (JTAG device index = 0) is programmed with a design that has no supported debug core(s) in it.
reset_run synth_1
launch_runs synth_1 -jobs 4
[Thu Apr 14 21:47:16 2022] Launched synth_1...
Run output will be captured here: C:/Academico/UA/4ano/2semestre/CR/Pratica/Guiao4/parte2/parte2.runs/synth_1/runme.log
close_hw_manager
launch_runs impl_1 -jobs 4
[Thu Apr 14 21:48:51 2022] Launched impl_1...
Run output will be captured here: C:/Academico/UA/4ano/2semestre/CR/Pratica/Guiao4/parte2/parte2.runs/impl_1/runme.log
launch_runs impl_1 -to_step write_bitstream -jobs 4
[Thu Apr 14 21:51:07 2022] Launched impl_1...
Run output will be captured here: C:/Academico/UA/4ano/2semestre/CR/Pratica/Guiao4/parte2/parte2.runs/impl_1/runme.log
open_hw_manager
connect_hw_server -allow_non_jtag
INFO: [Labtools 27-2285] Connecting to hw_server url TCP:localhost:3121
INFO: [Labtools 27-2222] Launching hw_server...
INFO: [Labtools 27-2221] Launch Output:

****** Xilinx hw_server v2020.2
  **** Build date : Nov 18 2020 at 10:01:48
    ** Copyright 1986-2020 Xilinx, Inc. All Rights Reserved.


INFO: [Labtools 27-3415] Connecting to cs_server url TCP:localhost:3042
INFO: [Labtools 27-3417] Launching cs_server...
INFO: [Labtools 27-2221] Launch Output:


******** Xilinx cs_server v2020.2
  ****** Build date   : Nov 03 2020-21:02:56
    **** Build number : 2020.2.1604437376
      ** Copyright 2017-2020 Xilinx, Inc. All Rights Reserved.



connect_hw_server: Time (s): cpu = 00:00:01 ; elapsed = 00:00:18 . Memory (MB): peak = 2361.641 ; gain = 0.000
open_hw_target
INFO: [Labtoolstcl 44-466] Opening hw_target localhost:3121/xilinx_tcf/Digilent/210274505240A
set_property PROGRAM.FILE {C:/Academico/UA/4ano/2semestre/CR/Pratica/Guiao4/parte2/parte2.runs/impl_1/countdown_timer.bit} [get_hw_devices xc7a100t_0]
current_hw_device [get_hw_devices xc7a100t_0]
refresh_hw_device -update_hw_probes false [lindex [get_hw_devices xc7a100t_0] 0]
INFO: [Labtools 27-1434] Device xc7a100t (JTAG device index = 0) is programmed with a design that has no supported debug core(s) in it.
set_property PROBES.FILE {} [get_hw_devices xc7a100t_0]
set_property FULL_PROBES.FILE {} [get_hw_devices xc7a100t_0]
set_property PROGRAM.FILE {C:/Academico/UA/4ano/2semestre/CR/Pratica/Guiao4/parte2/parte2.runs/impl_1/countdown_timer.bit} [get_hw_devices xc7a100t_0]
program_hw_devices [get_hw_devices xc7a100t_0]
INFO: [Labtools 27-3164] End of startup status: HIGH
refresh_hw_device [lindex [get_hw_devices xc7a100t_0] 0]
INFO: [Labtools 27-1434] Device xc7a100t (JTAG device index = 0) is programmed with a design that has no supported debug core(s) in it.
reset_run synth_1
launch_runs synth_1 -jobs 4
[Thu Apr 14 21:57:06 2022] Launched synth_1...
Run output will be captured here: C:/Academico/UA/4ano/2semestre/CR/Pratica/Guiao4/parte2/parte2.runs/synth_1/runme.log
close_hw_manager
launch_runs impl_1 -jobs 4
[Thu Apr 14 21:58:35 2022] Launched impl_1...
Run output will be captured here: C:/Academico/UA/4ano/2semestre/CR/Pratica/Guiao4/parte2/parte2.runs/impl_1/runme.log
launch_runs impl_1 -to_step write_bitstream -jobs 4
[Thu Apr 14 22:00:57 2022] Launched impl_1...
Run output will be captured here: C:/Academico/UA/4ano/2semestre/CR/Pratica/Guiao4/parte2/parte2.runs/impl_1/runme.log
open_hw_manager
connect_hw_server -allow_non_jtag
INFO: [Labtools 27-2285] Connecting to hw_server url TCP:localhost:3121
INFO: [Labtools 27-2222] Launching hw_server...
INFO: [Labtools 27-2221] Launch Output:

****** Xilinx hw_server v2020.2
  **** Build date : Nov 18 2020 at 10:01:48
    ** Copyright 1986-2020 Xilinx, Inc. All Rights Reserved.


INFO: [Labtools 27-3415] Connecting to cs_server url TCP:localhost:3042
INFO: [Labtools 27-3417] Launching cs_server...
INFO: [Labtools 27-2221] Launch Output:


******** Xilinx cs_server v2020.2
  ****** Build date   : Nov 03 2020-21:02:56
    **** Build number : 2020.2.1604437376
      ** Copyright 2017-2020 Xilinx, Inc. All Rights Reserved.



connect_hw_server: Time (s): cpu = 00:00:02 ; elapsed = 00:00:18 . Memory (MB): peak = 2368.973 ; gain = 0.000
open_hw_target
INFO: [Labtoolstcl 44-466] Opening hw_target localhost:3121/xilinx_tcf/Digilent/210274505240A
set_property PROGRAM.FILE {C:/Academico/UA/4ano/2semestre/CR/Pratica/Guiao4/parte2/parte2.runs/impl_1/countdown_timer.bit} [get_hw_devices xc7a100t_0]
current_hw_device [get_hw_devices xc7a100t_0]
refresh_hw_device -update_hw_probes false [lindex [get_hw_devices xc7a100t_0] 0]
INFO: [Labtools 27-1434] Device xc7a100t (JTAG device index = 0) is programmed with a design that has no supported debug core(s) in it.
set_property PROBES.FILE {} [get_hw_devices xc7a100t_0]
set_property FULL_PROBES.FILE {} [get_hw_devices xc7a100t_0]
set_property PROGRAM.FILE {C:/Academico/UA/4ano/2semestre/CR/Pratica/Guiao4/parte2/parte2.runs/impl_1/countdown_timer.bit} [get_hw_devices xc7a100t_0]
program_hw_devices [get_hw_devices xc7a100t_0]
INFO: [Labtools 27-3164] End of startup status: HIGH
refresh_hw_device [lindex [get_hw_devices xc7a100t_0] 0]
INFO: [Labtools 27-1434] Device xc7a100t (JTAG device index = 0) is programmed with a design that has no supported debug core(s) in it.
set_property PROBES.FILE {} [get_hw_devices xc7a100t_0]
set_property FULL_PROBES.FILE {} [get_hw_devices xc7a100t_0]
set_property PROGRAM.FILE {C:/Academico/UA/4ano/2semestre/CR/Pratica/Guiao4/parte2/parte2.runs/impl_1/countdown_timer.bit} [get_hw_devices xc7a100t_0]
program_hw_devices [get_hw_devices xc7a100t_0]
INFO: [Labtools 27-3164] End of startup status: HIGH
refresh_hw_device [lindex [get_hw_devices xc7a100t_0] 0]
INFO: [Labtools 27-1434] Device xc7a100t (JTAG device index = 0) is programmed with a design that has no supported debug core(s) in it.
close_hw_manager
reset_run synth_1
launch_runs synth_1 -jobs 4
[Thu Apr 14 22:08:09 2022] Launched synth_1...
Run output will be captured here: C:/Academico/UA/4ano/2semestre/CR/Pratica/Guiao4/parte2/parte2.runs/synth_1/runme.log
launch_runs impl_1 -jobs 4
[Thu Apr 14 22:09:31 2022] Launched impl_1...
Run output will be captured here: C:/Academico/UA/4ano/2semestre/CR/Pratica/Guiao4/parte2/parte2.runs/impl_1/runme.log
launch_runs impl_1 -to_step write_bitstream -jobs 4
[Thu Apr 14 22:11:35 2022] Launched impl_1...
Run output will be captured here: C:/Academico/UA/4ano/2semestre/CR/Pratica/Guiao4/parte2/parte2.runs/impl_1/runme.log
open_hw_manager
connect_hw_server -allow_non_jtag
INFO: [Labtools 27-2285] Connecting to hw_server url TCP:localhost:3121
INFO: [Labtools 27-2222] Launching hw_server...
INFO: [Labtools 27-2221] Launch Output:

****** Xilinx hw_server v2020.2
  **** Build date : Nov 18 2020 at 10:01:48
    ** Copyright 1986-2020 Xilinx, Inc. All Rights Reserved.


INFO: [Labtools 27-3415] Connecting to cs_server url TCP:localhost:3042
INFO: [Labtools 27-3417] Launching cs_server...
INFO: [Labtools 27-2221] Launch Output:


******** Xilinx cs_server v2020.2
  ****** Build date   : Nov 03 2020-21:02:56
    **** Build number : 2020.2.1604437376
      ** Copyright 2017-2020 Xilinx, Inc. All Rights Reserved.



connect_hw_server: Time (s): cpu = 00:00:01 ; elapsed = 00:00:18 . Memory (MB): peak = 2376.695 ; gain = 0.000
open_hw_target
INFO: [Labtoolstcl 44-466] Opening hw_target localhost:3121/xilinx_tcf/Digilent/210274505240A
set_property PROGRAM.FILE {C:/Academico/UA/4ano/2semestre/CR/Pratica/Guiao4/parte2/parte2.runs/impl_1/countdown_timer.bit} [get_hw_devices xc7a100t_0]
current_hw_device [get_hw_devices xc7a100t_0]
refresh_hw_device -update_hw_probes false [lindex [get_hw_devices xc7a100t_0] 0]
INFO: [Labtools 27-1435] Device xc7a100t (JTAG device index = 0) is not programmed (DONE status = 0).
set_property PROBES.FILE {} [get_hw_devices xc7a100t_0]
set_property FULL_PROBES.FILE {} [get_hw_devices xc7a100t_0]
set_property PROGRAM.FILE {C:/Academico/UA/4ano/2semestre/CR/Pratica/Guiao4/parte2/parte2.runs/impl_1/countdown_timer.bit} [get_hw_devices xc7a100t_0]
program_hw_devices [get_hw_devices xc7a100t_0]
INFO: [Labtools 27-3164] End of startup status: HIGH
refresh_hw_device [lindex [get_hw_devices xc7a100t_0] 0]
INFO: [Labtools 27-1434] Device xc7a100t (JTAG device index = 0) is programmed with a design that has no supported debug core(s) in it.
close_hw_manager
reset_run synth_1
launch_runs synth_1 -jobs 4
[Thu Apr 14 22:16:52 2022] Launched synth_1...
Run output will be captured here: C:/Academico/UA/4ano/2semestre/CR/Pratica/Guiao4/parte2/parte2.runs/synth_1/runme.log
launch_runs impl_1 -jobs 4
[Thu Apr 14 22:18:19 2022] Launched impl_1...
Run output will be captured here: C:/Academico/UA/4ano/2semestre/CR/Pratica/Guiao4/parte2/parte2.runs/impl_1/runme.log
launch_runs impl_1 -to_step write_bitstream -jobs 4
[Thu Apr 14 22:21:44 2022] Launched impl_1...
Run output will be captured here: C:/Academico/UA/4ano/2semestre/CR/Pratica/Guiao4/parte2/parte2.runs/impl_1/runme.log
open_hw_manager
connect_hw_server -allow_non_jtag
INFO: [Labtools 27-2285] Connecting to hw_server url TCP:localhost:3121
INFO: [Labtools 27-2222] Launching hw_server...
INFO: [Labtools 27-2221] Launch Output:

****** Xilinx hw_server v2020.2
  **** Build date : Nov 18 2020 at 10:01:48
    ** Copyright 1986-2020 Xilinx, Inc. All Rights Reserved.


INFO: [Labtools 27-3415] Connecting to cs_server url TCP:localhost:3042
INFO: [Labtools 27-3417] Launching cs_server...
INFO: [Labtools 27-2221] Launch Output:


******** Xilinx cs_server v2020.2
  ****** Build date   : Nov 03 2020-21:02:56
    **** Build number : 2020.2.1604437376
      ** Copyright 2017-2020 Xilinx, Inc. All Rights Reserved.



connect_hw_server: Time (s): cpu = 00:00:01 ; elapsed = 00:00:18 . Memory (MB): peak = 2379.895 ; gain = 0.000
open_hw_target
INFO: [Labtoolstcl 44-466] Opening hw_target localhost:3121/xilinx_tcf/Digilent/210274505240A
set_property PROGRAM.FILE {C:/Academico/UA/4ano/2semestre/CR/Pratica/Guiao4/parte2/parte2.runs/impl_1/countdown_timer.bit} [get_hw_devices xc7a100t_0]
current_hw_device [get_hw_devices xc7a100t_0]
refresh_hw_device -update_hw_probes false [lindex [get_hw_devices xc7a100t_0] 0]
INFO: [Labtools 27-1434] Device xc7a100t (JTAG device index = 0) is programmed with a design that has no supported debug core(s) in it.
set_property PROBES.FILE {} [get_hw_devices xc7a100t_0]
set_property FULL_PROBES.FILE {} [get_hw_devices xc7a100t_0]
set_property PROGRAM.FILE {C:/Academico/UA/4ano/2semestre/CR/Pratica/Guiao4/parte2/parte2.runs/impl_1/countdown_timer.bit} [get_hw_devices xc7a100t_0]
program_hw_devices [get_hw_devices xc7a100t_0]
INFO: [Labtools 27-3164] End of startup status: HIGH
refresh_hw_device [lindex [get_hw_devices xc7a100t_0] 0]
INFO: [Labtools 27-1434] Device xc7a100t (JTAG device index = 0) is programmed with a design that has no supported debug core(s) in it.
close_hw_manager
exit
INFO: [Common 17-206] Exiting Vivado at Thu Apr 14 22:28:20 2022...
