#-----------------------------------------------------------
# Vivado v2020.2 (64-bit)
# SW Build 3064766 on Wed Nov 18 09:12:45 MST 2020
# IP Build 3064653 on Wed Nov 18 14:17:31 MST 2020
# Start of session at: Sun Jun 12 20:42:55 2022
# Process ID: 17836
# Current directory: C:/Academico/UA/4ano/2semestre/CR/Pratica/Aula10/CustomCopr_AXIStream
# Command line: vivado.exe -gui_launcher_event rodinguilauncherevent12872 C:\Academico\UA\4ano\2semestre\CR\Pratica\Aula10\CustomCopr_AXIStream\CustomCopr_AXIStream.xpr
# Log file: C:/Academico/UA/4ano/2semestre/CR/Pratica/Aula10/CustomCopr_AXIStream/vivado.log
# Journal file: C:/Academico/UA/4ano/2semestre/CR/Pratica/Aula10/CustomCopr_AXIStream\vivado.jou
#-----------------------------------------------------------
start_gui
open_project C:/Academico/UA/4ano/2semestre/CR/Pratica/Aula10/CustomCopr_AXIStream/CustomCopr_AXIStream.xpr
Scanning sources...
Finished scanning sources
INFO: [IP_Flow 19-234] Refreshing IP repositories
INFO: [IP_Flow 19-1700] Loaded user IP repository 'c:/Academico/UA/4ano/2semestre/CR/Pratica/Aula10/ip_repo/PopCount_1.0'.
INFO: [IP_Flow 19-1700] Loaded user IP repository 'c:/Academico/UA/4ano/2semestre/CR/Pratica/Aula10/ip_repo/ReverseEndiannessCop_1.0'.
INFO: [IP_Flow 19-2313] Loaded Vivado IP repository 'C:/Xilinx/Vivado/2020.2/data/ip'.
open_project: Time (s): cpu = 00:00:20 ; elapsed = 00:00:09 . Memory (MB): peak = 1000.266 ; gain = 0.000
update_compile_order -fileset sources_1
exit
INFO: [Common 17-206] Exiting Vivado at Sun Jun 12 20:43:45 2022...
