Copyright 1986-2020 Xilinx, Inc. All Rights Reserved.
------------------------------------------------------------------------------------
| Tool Version : Vivado v.2020.2 (win64) Build 3064766 Wed Nov 18 09:12:45 MST 2020
| Date         : Wed Jun  1 22:04:56 2022
| Host         : DESKTOP-PEVSSVR running 64-bit major release  (build 9200)
| Command      : upgrade_ip
| Device       : xc7a100tcsg324-1
------------------------------------------------------------------------------------

Upgrade Log for IP 'mb_design_DisplayController_0_1'

1. Summary
----------

SUCCESS in the upgrade of mb_design_DisplayController_0_1 (xilinx.com:user:DisplayController:1.0) from (Rev. 5) to (Rev. 6)






Copyright 1986-2020 Xilinx, Inc. All Rights Reserved.
------------------------------------------------------------------------------------
| Tool Version : Vivado v.2020.2 (win64) Build 3064766 Wed Nov 18 09:12:45 MST 2020
| Date         : Wed Jun  1 21:43:49 2022
| Host         : DESKTOP-PEVSSVR running 64-bit major release  (build 9200)
| Command      : upgrade_ip
| Device       : xc7a100tcsg324-1
------------------------------------------------------------------------------------

Upgrade Log for IP 'mb_design_DisplayController_0_1'

1. Summary
----------

SUCCESS in the conversion of mb_design_DisplayController_0_1 (xilinx.com:user:DisplayController:1.0 (Rev. 5)) to Vivado generation flows.






Copyright 1986-2020 Xilinx, Inc. All Rights Reserved.
------------------------------------------------------------------------------------
| Tool Version : Vivado v.2020.2 (win64) Build 3064766 Wed Nov 18 09:12:45 MST 2020
| Date         : Wed Jun  1 21:40:55 2022
| Host         : DESKTOP-PEVSSVR running 64-bit major release  (build 9200)
| Command      : upgrade_ip
| Device       : xc7a100tcsg324-1
------------------------------------------------------------------------------------

Upgrade Log for IP 'mb_design_DisplayController_0_1'

1. Summary
----------

SUCCESS in the upgrade of mb_design_DisplayController_0_1 (xilinx.com:user:DisplayController:1.0) from (Rev. 3) to (Rev. 5)






Copyright 1986-2020 Xilinx, Inc. All Rights Reserved.
------------------------------------------------------------------------------------
| Tool Version : Vivado v.2020.2 (win64) Build 3064766 Wed Nov 18 09:12:45 MST 2020
| Date         : Wed Jun  1 21:25:54 2022
| Host         : DESKTOP-PEVSSVR running 64-bit major release  (build 9200)
| Command      : upgrade_ip
| Device       : xc7a100tcsg324-1
------------------------------------------------------------------------------------

Upgrade Log for IP 'mb_design_DisplayController_0_1'

1. Summary
----------

CAUTION (success, with warnings) in the upgrade of mb_design_DisplayController_0_1 (xilinx.com:user:DisplayController:1.0) from (Rev. 1) to (Rev. 3)

After upgrade, an IP may have parameter and port differences compared to the original customization. Please review the parameters within the IP customization GUI to ensure proper functionality. Also, please review the updated IP instantiation template to ensure proper connectivity, and update your design if required.

2. Connection Warnings
----------------------

Detected external port differences while upgrading 'mb_design_DisplayController_0_1'. These changes may impact your design.


-Upgrade has added port 'an_L'

-Upgrade has added port 'cat_L'

-Upgrade has added port 'dp_L'


