
*** Running vivado
    with args -log display_driver.vds -m64 -product Vivado -mode batch -messageDb vivado.pb -notrace -source display_driver.tcl



****** Vivado v2020.2 (64-bit)
  **** SW Build 3064766 on Wed Nov 18 09:12:45 MST 2020
  **** IP Build 3064653 on Wed Nov 18 14:17:31 MST 2020
    ** Copyright 1986-2020 Xilinx, Inc. All Rights Reserved.

source display_driver.tcl -notrace
Command: synth_design -top display_driver -part xc7a100tcsg324-1
Starting synth_design
Attempting to get a license for feature 'Synthesis' and/or device 'xc7a100t'
INFO: [Common 17-349] Got license for feature 'Synthesis' and/or device 'xc7a100t'
INFO: [Device 21-403] Loading part xc7a100tcsg324-1
INFO: [Synth 8-7079] Multithreading enabled for synth_design using a maximum of 2 processes.
INFO: [Synth 8-7078] Launching helper process for spawning children vivado processes
INFO: [Synth 8-7075] Helper process launched with PID 2232
---------------------------------------------------------------------------------
Starting RTL Elaboration : Time (s): cpu = 00:00:06 ; elapsed = 00:00:06 . Memory (MB): peak = 999.867 ; gain = 0.000
---------------------------------------------------------------------------------
INFO: [Synth 8-638] synthesizing module 'display_driver' [C:/Academico/UA/4ano/2semestre/CR/Pratica/Guiao3/parte1/parte1.srcs/sources_1/new/display_driver.vhd:42]
INFO: [Synth 8-638] synthesizing module 'PulseGenerator' [C:/Academico/UA/4ano/2semestre/CR/Pratica/Guiao3/parte1/parte1.srcs/sources_1/new/PulseGenerator.vhd:40]
INFO: [Synth 8-256] done synthesizing module 'PulseGenerator' (1#1) [C:/Academico/UA/4ano/2semestre/CR/Pratica/Guiao3/parte1/parte1.srcs/sources_1/new/PulseGenerator.vhd:40]
INFO: [Synth 8-638] synthesizing module 'Nexys4DispDriver' [C:/Academico/UA/4ano/2semestre/CR/Pratica/Guiao3/parte1/parte1.srcs/sources_1/new/Nexys4DispDriver.vhd:52]
INFO: [Synth 8-638] synthesizing module 'counter' [C:/Academico/UA/4ano/2semestre/CR/Pratica/Guiao3/parte1/parte1.srcs/sources_1/new/counter_3bits.vhd:40]
INFO: [Synth 8-256] done synthesizing module 'counter' (2#1) [C:/Academico/UA/4ano/2semestre/CR/Pratica/Guiao3/parte1/parte1.srcs/sources_1/new/counter_3bits.vhd:40]
INFO: [Synth 8-638] synthesizing module 'mux_seg' [C:/Academico/UA/4ano/2semestre/CR/Pratica/Guiao3/parte1/parte1.srcs/sources_1/new/mux_seg.vhd:49]
INFO: [Synth 8-256] done synthesizing module 'mux_seg' (3#1) [C:/Academico/UA/4ano/2semestre/CR/Pratica/Guiao3/parte1/parte1.srcs/sources_1/new/mux_seg.vhd:49]
INFO: [Synth 8-638] synthesizing module 'display_7_seg' [C:/Academico/UA/4ano/2semestre/CR/Pratica/Guiao3/parte1/parte1.srcs/sources_1/new/display_7_seg.vhd:40]
INFO: [Synth 8-256] done synthesizing module 'display_7_seg' (4#1) [C:/Academico/UA/4ano/2semestre/CR/Pratica/Guiao3/parte1/parte1.srcs/sources_1/new/display_7_seg.vhd:40]
INFO: [Synth 8-638] synthesizing module 'mux_an' [C:/Academico/UA/4ano/2semestre/CR/Pratica/Guiao3/parte1/parte1.srcs/sources_1/new/mux_an.vhd:39]
INFO: [Synth 8-256] done synthesizing module 'mux_an' (5#1) [C:/Academico/UA/4ano/2semestre/CR/Pratica/Guiao3/parte1/parte1.srcs/sources_1/new/mux_an.vhd:39]
INFO: [Synth 8-638] synthesizing module 'mux_dp' [C:/Academico/UA/4ano/2semestre/CR/Pratica/Guiao3/parte1/parte1.srcs/sources_1/new/mux_dp.vhd:40]
INFO: [Synth 8-256] done synthesizing module 'mux_dp' (6#1) [C:/Academico/UA/4ano/2semestre/CR/Pratica/Guiao3/parte1/parte1.srcs/sources_1/new/mux_dp.vhd:40]
INFO: [Synth 8-256] done synthesizing module 'Nexys4DispDriver' (7#1) [C:/Academico/UA/4ano/2semestre/CR/Pratica/Guiao3/parte1/parte1.srcs/sources_1/new/Nexys4DispDriver.vhd:52]
INFO: [Synth 8-256] done synthesizing module 'display_driver' (8#1) [C:/Academico/UA/4ano/2semestre/CR/Pratica/Guiao3/parte1/parte1.srcs/sources_1/new/display_driver.vhd:42]
---------------------------------------------------------------------------------
Finished RTL Elaboration : Time (s): cpu = 00:00:07 ; elapsed = 00:00:07 . Memory (MB): peak = 999.867 ; gain = 0.000
---------------------------------------------------------------------------------
---------------------------------------------------------------------------------
Start Handling Custom Attributes
---------------------------------------------------------------------------------
---------------------------------------------------------------------------------
Finished Handling Custom Attributes : Time (s): cpu = 00:00:08 ; elapsed = 00:00:08 . Memory (MB): peak = 999.867 ; gain = 0.000
---------------------------------------------------------------------------------
---------------------------------------------------------------------------------
Finished RTL Optimization Phase 1 : Time (s): cpu = 00:00:08 ; elapsed = 00:00:08 . Memory (MB): peak = 999.867 ; gain = 0.000
---------------------------------------------------------------------------------
Netlist sorting complete. Time (s): cpu = 00:00:00 ; elapsed = 00:00:00.003 . Memory (MB): peak = 999.867 ; gain = 0.000
INFO: [Project 1-570] Preparing netlist for logic optimization

Processing XDC Constraints
Initializing timing engine
Parsing XDC File [C:/Academico/UA/4ano/2semestre/CR/Pratica/Guiao3/parte1/parte1.srcs/constrs_1/imports/Pratica/Nexys4_Master.xdc]
Finished Parsing XDC File [C:/Academico/UA/4ano/2semestre/CR/Pratica/Guiao3/parte1/parte1.srcs/constrs_1/imports/Pratica/Nexys4_Master.xdc]
INFO: [Project 1-236] Implementation specific constraints were found while reading constraint file [C:/Academico/UA/4ano/2semestre/CR/Pratica/Guiao3/parte1/parte1.srcs/constrs_1/imports/Pratica/Nexys4_Master.xdc]. These constraints will be ignored for synthesis but will be used in implementation. Impacted constraints are listed in the file [.Xil/display_driver_propImpl.xdc].
Resolution: To avoid this warning, move constraints listed in [.Xil/display_driver_propImpl.xdc] to another XDC file and exclude this new file from synthesis with the used_in_synthesis property (File Properties dialog in GUI) and re-run elaboration/synthesis.
Completed Processing XDC Constraints

Netlist sorting complete. Time (s): cpu = 00:00:00 ; elapsed = 00:00:00 . Memory (MB): peak = 999.867 ; gain = 0.000
INFO: [Project 1-111] Unisim Transformation Summary:
No Unisim elements were transformed.

Constraint Validation Runtime : Time (s): cpu = 00:00:00 ; elapsed = 00:00:00.004 . Memory (MB): peak = 999.867 ; gain = 0.000
---------------------------------------------------------------------------------
Finished Constraint Validation : Time (s): cpu = 00:00:15 ; elapsed = 00:00:15 . Memory (MB): peak = 999.867 ; gain = 0.000
---------------------------------------------------------------------------------
---------------------------------------------------------------------------------
Start Loading Part and Timing Information
---------------------------------------------------------------------------------
Loading part: xc7a100tcsg324-1
---------------------------------------------------------------------------------
Finished Loading Part and Timing Information : Time (s): cpu = 00:00:15 ; elapsed = 00:00:15 . Memory (MB): peak = 999.867 ; gain = 0.000
---------------------------------------------------------------------------------
---------------------------------------------------------------------------------
Start Applying 'set_property' XDC Constraints
---------------------------------------------------------------------------------
---------------------------------------------------------------------------------
Finished applying 'set_property' XDC Constraints : Time (s): cpu = 00:00:15 ; elapsed = 00:00:15 . Memory (MB): peak = 999.867 ; gain = 0.000
---------------------------------------------------------------------------------
---------------------------------------------------------------------------------
Finished RTL Optimization Phase 2 : Time (s): cpu = 00:00:15 ; elapsed = 00:00:15 . Memory (MB): peak = 999.867 ; gain = 0.000
---------------------------------------------------------------------------------
---------------------------------------------------------------------------------
Start RTL Component Statistics 
---------------------------------------------------------------------------------
Detailed RTL Component Info : 
+---Adders : 
	   2 Input   17 Bit       Adders := 1     
+---Registers : 
	               17 Bit    Registers := 1     
	                3 Bit    Registers := 1     
	                1 Bit    Registers := 1     
+---Muxes : 
	   2 Input   17 Bit        Muxes := 1     
	   9 Input    8 Bit        Muxes := 1     
	   2 Input    7 Bit        Muxes := 1     
---------------------------------------------------------------------------------
Finished RTL Component Statistics 
---------------------------------------------------------------------------------
---------------------------------------------------------------------------------
Start Part Resource Summary
---------------------------------------------------------------------------------
Part Resources:
DSPs: 240 (col length:80)
BRAMs: 270 (col length: RAMB18 80 RAMB36 40)
---------------------------------------------------------------------------------
Finished Part Resource Summary
---------------------------------------------------------------------------------
---------------------------------------------------------------------------------
Start Cross Boundary and Area Optimization
---------------------------------------------------------------------------------
---------------------------------------------------------------------------------
Finished Cross Boundary and Area Optimization : Time (s): cpu = 00:00:17 ; elapsed = 00:00:17 . Memory (MB): peak = 999.867 ; gain = 0.000
---------------------------------------------------------------------------------
---------------------------------------------------------------------------------
Start Applying XDC Timing Constraints
---------------------------------------------------------------------------------
---------------------------------------------------------------------------------
Finished Applying XDC Timing Constraints : Time (s): cpu = 00:00:24 ; elapsed = 00:00:25 . Memory (MB): peak = 999.867 ; gain = 0.000
---------------------------------------------------------------------------------
---------------------------------------------------------------------------------
Start Timing Optimization
---------------------------------------------------------------------------------
---------------------------------------------------------------------------------
Finished Timing Optimization : Time (s): cpu = 00:00:24 ; elapsed = 00:00:25 . Memory (MB): peak = 999.867 ; gain = 0.000
---------------------------------------------------------------------------------
---------------------------------------------------------------------------------
Start Technology Mapping
---------------------------------------------------------------------------------
---------------------------------------------------------------------------------
Finished Technology Mapping : Time (s): cpu = 00:00:24 ; elapsed = 00:00:25 . Memory (MB): peak = 999.867 ; gain = 0.000
---------------------------------------------------------------------------------
---------------------------------------------------------------------------------
Start IO Insertion
---------------------------------------------------------------------------------
---------------------------------------------------------------------------------
Start Flattening Before IO Insertion
---------------------------------------------------------------------------------
---------------------------------------------------------------------------------
Finished Flattening Before IO Insertion
---------------------------------------------------------------------------------
---------------------------------------------------------------------------------
Start Final Netlist Cleanup
---------------------------------------------------------------------------------
---------------------------------------------------------------------------------
Finished Final Netlist Cleanup
---------------------------------------------------------------------------------
---------------------------------------------------------------------------------
Finished IO Insertion : Time (s): cpu = 00:00:28 ; elapsed = 00:00:29 . Memory (MB): peak = 999.867 ; gain = 0.000
---------------------------------------------------------------------------------
---------------------------------------------------------------------------------
Start Renaming Generated Instances
---------------------------------------------------------------------------------
---------------------------------------------------------------------------------
Finished Renaming Generated Instances : Time (s): cpu = 00:00:28 ; elapsed = 00:00:29 . Memory (MB): peak = 999.867 ; gain = 0.000
---------------------------------------------------------------------------------
---------------------------------------------------------------------------------
Start Rebuilding User Hierarchy
---------------------------------------------------------------------------------
---------------------------------------------------------------------------------
Finished Rebuilding User Hierarchy : Time (s): cpu = 00:00:29 ; elapsed = 00:00:29 . Memory (MB): peak = 999.867 ; gain = 0.000
---------------------------------------------------------------------------------
---------------------------------------------------------------------------------
Start Renaming Generated Ports
---------------------------------------------------------------------------------
---------------------------------------------------------------------------------
Finished Renaming Generated Ports : Time (s): cpu = 00:00:29 ; elapsed = 00:00:29 . Memory (MB): peak = 999.867 ; gain = 0.000
---------------------------------------------------------------------------------
---------------------------------------------------------------------------------
Start Handling Custom Attributes
---------------------------------------------------------------------------------
---------------------------------------------------------------------------------
Finished Handling Custom Attributes : Time (s): cpu = 00:00:29 ; elapsed = 00:00:29 . Memory (MB): peak = 999.867 ; gain = 0.000
---------------------------------------------------------------------------------
---------------------------------------------------------------------------------
Start Renaming Generated Nets
---------------------------------------------------------------------------------
---------------------------------------------------------------------------------
Finished Renaming Generated Nets : Time (s): cpu = 00:00:29 ; elapsed = 00:00:29 . Memory (MB): peak = 999.867 ; gain = 0.000
---------------------------------------------------------------------------------
---------------------------------------------------------------------------------
Start Writing Synthesis Report
---------------------------------------------------------------------------------

Report BlackBoxes: 
+-+--------------+----------+
| |BlackBox name |Instances |
+-+--------------+----------+
+-+--------------+----------+

Report Cell Usage: 
+------+-------+------+
|      |Cell   |Count |
+------+-------+------+
|1     |BUFG   |     1|
|2     |CARRY4 |    12|
|3     |LUT1   |     2|
|4     |LUT3   |     8|
|5     |LUT4   |     6|
|6     |LUT5   |     7|
|7     |LUT6   |    10|
|8     |MUXF7  |     1|
|9     |FDRE   |    52|
|10    |IBUF   |    17|
|11    |OBUF   |    16|
+------+-------+------+
---------------------------------------------------------------------------------
Finished Writing Synthesis Report : Time (s): cpu = 00:00:29 ; elapsed = 00:00:29 . Memory (MB): peak = 999.867 ; gain = 0.000
---------------------------------------------------------------------------------
Synthesis finished with 0 errors, 0 critical warnings and 0 warnings.
Synthesis Optimization Runtime : Time (s): cpu = 00:00:19 ; elapsed = 00:00:27 . Memory (MB): peak = 999.867 ; gain = 0.000
Synthesis Optimization Complete : Time (s): cpu = 00:00:29 ; elapsed = 00:00:29 . Memory (MB): peak = 999.867 ; gain = 0.000
INFO: [Project 1-571] Translating synthesized netlist
Netlist sorting complete. Time (s): cpu = 00:00:00 ; elapsed = 00:00:00.002 . Memory (MB): peak = 1005.359 ; gain = 0.000
INFO: [Netlist 29-17] Analyzing 13 Unisim elements for replacement
INFO: [Netlist 29-28] Unisim Transformation completed in 0 CPU seconds
INFO: [Project 1-570] Preparing netlist for logic optimization
INFO: [Opt 31-138] Pushed 0 inverter(s) to 0 load pin(s).
Netlist sorting complete. Time (s): cpu = 00:00:00 ; elapsed = 00:00:00.001 . Memory (MB): peak = 1007.301 ; gain = 0.000
INFO: [Project 1-111] Unisim Transformation Summary:
No Unisim elements were transformed.

INFO: [Common 17-83] Releasing license: Synthesis
31 Infos, 0 Warnings, 0 Critical Warnings and 0 Errors encountered.
synth_design completed successfully
synth_design: Time (s): cpu = 00:00:35 ; elapsed = 00:00:38 . Memory (MB): peak = 1007.301 ; gain = 7.434
INFO: [Common 17-1381] The checkpoint 'C:/Academico/UA/4ano/2semestre/CR/Pratica/Guiao3/parte1/parte1.runs/synth_1/display_driver.dcp' has been generated.
INFO: [runtcl-4] Executing : report_utilization -file display_driver_utilization_synth.rpt -pb display_driver_utilization_synth.pb
INFO: [Common 17-206] Exiting Vivado at Sun Mar 27 14:54:39 2022...
