Analysis & Synthesis report for HammingCode
Wed Dec 08 15:25:03 2021
Quartus Prime Version 17.1.0 Build 590 10/25/2017 SJ Lite Edition


---------------------
; Table of Contents ;
---------------------
  1. Legal Notice
  2. Analysis & Synthesis Summary
  3. Analysis & Synthesis Settings
  4. Parallel Compilation
  5. Analysis & Synthesis Source Files Read
  6. Analysis & Synthesis Resource Usage Summary
  7. Analysis & Synthesis Resource Utilization by Entity
  8. Registers Removed During Synthesis
  9. General Register Statistics
 10. Port Connectivity Checks: "flipFlopDPET:flip4"
 11. Port Connectivity Checks: "flipFlopDPET:flip3"
 12. Port Connectivity Checks: "flipFlopDPET:flip2"
 13. Port Connectivity Checks: "flipFlopDPET:flip1"
 14. Port Connectivity Checks: "flipFlopDPET:flip0"
 15. Port Connectivity Checks: "counter_5bits:count|flipFlopDPET:ff4"
 16. Port Connectivity Checks: "counter_5bits:count|flipFlopDPET:ff3"
 17. Port Connectivity Checks: "counter_5bits:count|flipFlopDPET:ff2"
 18. Port Connectivity Checks: "counter_5bits:count|flipFlopDPET:ff1"
 19. Port Connectivity Checks: "counter_5bits:count|flipFlopDPET:ff0"
 20. Port Connectivity Checks: "counter_5bits:count|gateAnd2:ad4"
 21. Post-Synthesis Netlist Statistics for Top Partition
 22. Elapsed Time Per Partition
 23. Analysis & Synthesis Messages



----------------
; Legal Notice ;
----------------
Copyright (C) 2017  Intel Corporation. All rights reserved.
Your use of Intel Corporation's design tools, logic functions 
and other software and tools, and its AMPP partner logic 
functions, and any output files from any of the foregoing 
(including device programming or simulation files), and any 
associated documentation or information are expressly subject 
to the terms and conditions of the Intel Program License 
Subscription Agreement, the Intel Quartus Prime License Agreement,
the Intel FPGA IP License Agreement, or other applicable license
agreement, including, without limitation, that your use is for
the sole purpose of programming logic devices manufactured by
Intel and sold by Intel or its authorized distributors.  Please
refer to the applicable agreement for further details.



+----------------------------------------------------------------------------------+
; Analysis & Synthesis Summary                                                     ;
+------------------------------------+---------------------------------------------+
; Analysis & Synthesis Status        ; Successful - Wed Dec 08 15:25:03 2021       ;
; Quartus Prime Version              ; 17.1.0 Build 590 10/25/2017 SJ Lite Edition ;
; Revision Name                      ; HammingCode                                 ;
; Top-level Entity Name              ; BitSerialEnc                                ;
; Family                             ; Cyclone IV GX                               ;
; Total logic elements               ; 21                                          ;
;     Total combinational functions  ; 21                                          ;
;     Dedicated logic registers      ; 10                                          ;
; Total registers                    ; 10                                          ;
; Total pins                         ; 9                                           ;
; Total virtual pins                 ; 0                                           ;
; Total memory bits                  ; 0                                           ;
; Embedded Multiplier 9-bit elements ; 0                                           ;
; Total GXB Receiver Channel PCS     ; 0                                           ;
; Total GXB Receiver Channel PMA     ; 0                                           ;
; Total GXB Transmitter Channel PCS  ; 0                                           ;
; Total GXB Transmitter Channel PMA  ; 0                                           ;
; Total PLLs                         ; 0                                           ;
+------------------------------------+---------------------------------------------+


+----------------------------------------------------------------------------------------------------------------------+
; Analysis & Synthesis Settings                                                                                        ;
+----------------------------------------------------------------------------+--------------------+--------------------+
; Option                                                                     ; Setting            ; Default Value      ;
+----------------------------------------------------------------------------+--------------------+--------------------+
; Top-level entity name                                                      ; BitSerialEnc       ; HammingCode        ;
; Family name                                                                ; Cyclone IV GX      ; Cyclone V          ;
; Use smart compilation                                                      ; Off                ; Off                ;
; Enable parallel Assembler and TimeQuest Timing Analyzer during compilation ; On                 ; On                 ;
; Enable compact report table                                                ; Off                ; Off                ;
; Restructure Multiplexers                                                   ; Auto               ; Auto               ;
; Create Debugging Nodes for IP Cores                                        ; Off                ; Off                ;
; Preserve fewer node names                                                  ; On                 ; On                 ;
; Intel FPGA IP Evaluation Mode                                              ; Enable             ; Enable             ;
; Verilog Version                                                            ; Verilog_2001       ; Verilog_2001       ;
; VHDL Version                                                               ; VHDL_1993          ; VHDL_1993          ;
; State Machine Processing                                                   ; Auto               ; Auto               ;
; Safe State Machine                                                         ; Off                ; Off                ;
; Extract Verilog State Machines                                             ; On                 ; On                 ;
; Extract VHDL State Machines                                                ; On                 ; On                 ;
; Ignore Verilog initial constructs                                          ; Off                ; Off                ;
; Iteration limit for constant Verilog loops                                 ; 5000               ; 5000               ;
; Iteration limit for non-constant Verilog loops                             ; 250                ; 250                ;
; Add Pass-Through Logic to Inferred RAMs                                    ; On                 ; On                 ;
; Infer RAMs from Raw Logic                                                  ; On                 ; On                 ;
; Parallel Synthesis                                                         ; On                 ; On                 ;
; DSP Block Balancing                                                        ; Auto               ; Auto               ;
; NOT Gate Push-Back                                                         ; On                 ; On                 ;
; Power-Up Don't Care                                                        ; On                 ; On                 ;
; Remove Redundant Logic Cells                                               ; Off                ; Off                ;
; Remove Duplicate Registers                                                 ; On                 ; On                 ;
; Ignore CARRY Buffers                                                       ; Off                ; Off                ;
; Ignore CASCADE Buffers                                                     ; Off                ; Off                ;
; Ignore GLOBAL Buffers                                                      ; Off                ; Off                ;
; Ignore ROW GLOBAL Buffers                                                  ; Off                ; Off                ;
; Ignore LCELL Buffers                                                       ; Off                ; Off                ;
; Ignore SOFT Buffers                                                        ; On                 ; On                 ;
; Limit AHDL Integers to 32 Bits                                             ; Off                ; Off                ;
; Optimization Technique                                                     ; Balanced           ; Balanced           ;
; Carry Chain Length                                                         ; 70                 ; 70                 ;
; Auto Carry Chains                                                          ; On                 ; On                 ;
; Auto Open-Drain Pins                                                       ; On                 ; On                 ;
; Perform WYSIWYG Primitive Resynthesis                                      ; Off                ; Off                ;
; Auto ROM Replacement                                                       ; On                 ; On                 ;
; Auto RAM Replacement                                                       ; On                 ; On                 ;
; Auto DSP Block Replacement                                                 ; On                 ; On                 ;
; Auto Shift Register Replacement                                            ; Auto               ; Auto               ;
; Allow Shift Register Merging across Hierarchies                            ; Auto               ; Auto               ;
; Auto Clock Enable Replacement                                              ; On                 ; On                 ;
; Strict RAM Replacement                                                     ; Off                ; Off                ;
; Allow Synchronous Control Signals                                          ; On                 ; On                 ;
; Force Use of Synchronous Clear Signals                                     ; Off                ; Off                ;
; Auto RAM Block Balancing                                                   ; On                 ; On                 ;
; Auto RAM to Logic Cell Conversion                                          ; Off                ; Off                ;
; Auto Resource Sharing                                                      ; Off                ; Off                ;
; Allow Any RAM Size For Recognition                                         ; Off                ; Off                ;
; Allow Any ROM Size For Recognition                                         ; Off                ; Off                ;
; Allow Any Shift Register Size For Recognition                              ; Off                ; Off                ;
; Use LogicLock Constraints during Resource Balancing                        ; On                 ; On                 ;
; Ignore translate_off and synthesis_off directives                          ; Off                ; Off                ;
; Timing-Driven Synthesis                                                    ; On                 ; On                 ;
; Report Parameter Settings                                                  ; On                 ; On                 ;
; Report Source Assignments                                                  ; On                 ; On                 ;
; Report Connectivity Checks                                                 ; On                 ; On                 ;
; Ignore Maximum Fan-Out Assignments                                         ; Off                ; Off                ;
; Synchronization Register Chain Length                                      ; 2                  ; 2                  ;
; Power Optimization During Synthesis                                        ; Normal compilation ; Normal compilation ;
; HDL message level                                                          ; Level2             ; Level2             ;
; Suppress Register Optimization Related Messages                            ; Off                ; Off                ;
; Number of Removed Registers Reported in Synthesis Report                   ; 5000               ; 5000               ;
; Number of Swept Nodes Reported in Synthesis Report                         ; 5000               ; 5000               ;
; Number of Inverted Registers Reported in Synthesis Report                  ; 100                ; 100                ;
; Clock MUX Protection                                                       ; On                 ; On                 ;
; Auto Gated Clock Conversion                                                ; Off                ; Off                ;
; Block Design Naming                                                        ; Auto               ; Auto               ;
; SDC constraint protection                                                  ; Off                ; Off                ;
; Synthesis Effort                                                           ; Auto               ; Auto               ;
; Shift Register Replacement - Allow Asynchronous Clear Signal               ; On                 ; On                 ;
; Pre-Mapping Resynthesis Optimization                                       ; Off                ; Off                ;
; Analysis & Synthesis Message Level                                         ; Medium             ; Medium             ;
; Disable Register Merging Across Hierarchies                                ; Auto               ; Auto               ;
; Resource Aware Inference For Block RAM                                     ; On                 ; On                 ;
+----------------------------------------------------------------------------+--------------------+--------------------+


+------------------------------------------+
; Parallel Compilation                     ;
+----------------------------+-------------+
; Processors                 ; Number      ;
+----------------------------+-------------+
; Number detected on machine ; 8           ;
; Maximum allowed            ; 4           ;
;                            ;             ;
; Average used               ; 1.00        ;
; Maximum used               ; 4           ;
;                            ;             ;
; Usage by Processor         ; % Time Used ;
;     Processor 1            ; 100.0%      ;
;     Processors 2-4         ;   0.0%      ;
+----------------------------+-------------+


+------------------------------------------------------------------------------------------------------------------------------------------------------------------------+
; Analysis & Synthesis Source Files Read                                                                                                                                 ;
+----------------------------------+-----------------+-----------------+---------------------------------------------------------------------------------------+---------+
; File Name with User-Entered Path ; Used in Netlist ; File Type       ; File Name with Absolute Path                                                          ; Library ;
+----------------------------------+-----------------+-----------------+---------------------------------------------------------------------------------------+---------+
; simpleLogic.vhd                  ; yes             ; User VHDL File  ; C:/Academico/UA/4 ano/1 semestre/AAD/Pratica/Assigment1/Haming_Code/simpleLogic.vhd   ;         ;
; BitSerialEnc.vhd                 ; yes             ; User VHDL File  ; C:/Academico/UA/4 ano/1 semestre/AAD/Pratica/Assigment1/Haming_Code/BitSerialEnc.vhd  ;         ;
; control.vhd                      ; yes             ; User VHDL File  ; C:/Academico/UA/4 ano/1 semestre/AAD/Pratica/Assigment1/Haming_Code/control.vhd       ;         ;
; arithmetic.vhd                   ; yes             ; User VHDL File  ; C:/Academico/UA/4 ano/1 semestre/AAD/Pratica/Assigment1/Haming_Code/arithmetic.vhd    ;         ;
; flipFlopDPET.vhd                 ; yes             ; User VHDL File  ; C:/Academico/UA/4 ano/1 semestre/AAD/Pratica/Assigment1/Haming_Code/flipFlopDPET.vhd  ;         ;
; counter_5bits.vhd                ; yes             ; User VHDL File  ; C:/Academico/UA/4 ano/1 semestre/AAD/Pratica/Assigment1/Haming_Code/counter_5bits.vhd ;         ;
+----------------------------------+-----------------+-----------------+---------------------------------------------------------------------------------------+---------+


+-------------------------------------------------------------------+
; Analysis & Synthesis Resource Usage Summary                       ;
+--------------------------+----------------------------------------+
; Resource                 ; Usage                                  ;
+--------------------------+----------------------------------------+
; I/O pins                 ; 9                                      ;
;                          ;                                        ;
; DSP block 9-bit elements ; 0                                      ;
;                          ;                                        ;
; Maximum fan-out node     ; counter_5bits:count|flipFlopDPET:ff0|Q ;
; Maximum fan-out          ; 13                                     ;
; Total fan-out            ; 114                                    ;
; Average fan-out          ; 2.33                                   ;
+--------------------------+----------------------------------------+


+-------------------------------------------------------------------------------------------------------------------------------------------------------------------------------------------------------------------------------------------------------+
; Analysis & Synthesis Resource Utilization by Entity                                                                                                                                                                                                   ;
+----------------------------+---------------------+---------------------------+-------------+--------------+---------+-----------+-----------+------+--------------+----------------------------------------------------+---------------+--------------+
; Compilation Hierarchy Node ; Combinational ALUTs ; Dedicated Logic Registers ; Memory Bits ; DSP Elements ; DSP 9x9 ; DSP 18x18 ; DSP 36x36 ; Pins ; Virtual Pins ; Full Hierarchy Name                                ; Entity Name   ; Library Name ;
+----------------------------+---------------------+---------------------------+-------------+--------------+---------+-----------+-----------+------+--------------+----------------------------------------------------+---------------+--------------+
; |BitSerialEnc              ; 21 (0)              ; 10 (0)                    ; 0           ; 0            ; 0       ; 0         ; 0         ; 9    ; 0            ; |BitSerialEnc                                      ; BitSerialEnc  ; work         ;
;    |MUX2_1:m2_1|           ; 1 (0)               ; 0 (0)                     ; 0           ; 0            ; 0       ; 0         ; 0         ; 0    ; 0            ; |BitSerialEnc|MUX2_1:m2_1                          ; MUX2_1        ; work         ;
;       |gateOr2:orMux|      ; 1 (1)               ; 0 (0)                     ; 0           ; 0            ; 0       ; 0         ; 0         ; 0    ; 0            ; |BitSerialEnc|MUX2_1:m2_1|gateOr2:orMux            ; gateOr2       ; work         ;
;    |Mux4_1:m4_1|           ; 2 (0)               ; 0 (0)                     ; 0           ; 0            ; 0       ; 0         ; 0         ; 0    ; 0            ; |BitSerialEnc|Mux4_1:m4_1                          ; Mux4_1        ; work         ;
;       |gateOr4:orMux|      ; 2 (2)               ; 0 (0)                     ; 0           ; 0            ; 0       ; 0         ; 0         ; 0    ; 0            ; |BitSerialEnc|Mux4_1:m4_1|gateOr4:orMux            ; gateOr4       ; work         ;
;    |control:cont|          ; 8 (1)               ; 0 (0)                     ; 0           ; 0            ; 0       ; 0         ; 0         ; 0    ; 0            ; |BitSerialEnc|control:cont                         ; control       ; work         ;
;       |contMem:cMem|       ; 7 (7)               ; 0 (0)                     ; 0           ; 0            ; 0       ; 0         ; 0         ; 0    ; 0            ; |BitSerialEnc|control:cont|contMem:cMem            ; contMem       ; work         ;
;    |counter_5bits:count|   ; 6 (0)               ; 5 (0)                     ; 0           ; 0            ; 0       ; 0         ; 0         ; 0    ; 0            ; |BitSerialEnc|counter_5bits:count                  ; counter_5bits ; work         ;
;       |flipFlopDPET:ff0|   ; 1 (1)               ; 1 (1)                     ; 0           ; 0            ; 0       ; 0         ; 0         ; 0    ; 0            ; |BitSerialEnc|counter_5bits:count|flipFlopDPET:ff0 ; flipFlopDPET  ; work         ;
;       |flipFlopDPET:ff1|   ; 1 (1)               ; 1 (1)                     ; 0           ; 0            ; 0       ; 0         ; 0         ; 0    ; 0            ; |BitSerialEnc|counter_5bits:count|flipFlopDPET:ff1 ; flipFlopDPET  ; work         ;
;       |flipFlopDPET:ff2|   ; 1 (1)               ; 1 (1)                     ; 0           ; 0            ; 0       ; 0         ; 0         ; 0    ; 0            ; |BitSerialEnc|counter_5bits:count|flipFlopDPET:ff2 ; flipFlopDPET  ; work         ;
;       |flipFlopDPET:ff3|   ; 1 (1)               ; 1 (1)                     ; 0           ; 0            ; 0       ; 0         ; 0         ; 0    ; 0            ; |BitSerialEnc|counter_5bits:count|flipFlopDPET:ff3 ; flipFlopDPET  ; work         ;
;       |flipFlopDPET:ff4|   ; 1 (1)               ; 1 (1)                     ; 0           ; 0            ; 0       ; 0         ; 0         ; 0    ; 0            ; |BitSerialEnc|counter_5bits:count|flipFlopDPET:ff4 ; flipFlopDPET  ; work         ;
;       |gateAnd2:ad3|       ; 1 (1)               ; 0 (0)                     ; 0           ; 0            ; 0       ; 0         ; 0         ; 0    ; 0            ; |BitSerialEnc|counter_5bits:count|gateAnd2:ad3     ; gateAnd2      ; work         ;
;    |flipFlopDPET:flip0|    ; 1 (1)               ; 1 (1)                     ; 0           ; 0            ; 0       ; 0         ; 0         ; 0    ; 0            ; |BitSerialEnc|flipFlopDPET:flip0                   ; flipFlopDPET  ; work         ;
;    |flipFlopDPET:flip1|    ; 1 (1)               ; 1 (1)                     ; 0           ; 0            ; 0       ; 0         ; 0         ; 0    ; 0            ; |BitSerialEnc|flipFlopDPET:flip1                   ; flipFlopDPET  ; work         ;
;    |flipFlopDPET:flip2|    ; 1 (1)               ; 1 (1)                     ; 0           ; 0            ; 0       ; 0         ; 0         ; 0    ; 0            ; |BitSerialEnc|flipFlopDPET:flip2                   ; flipFlopDPET  ; work         ;
;    |flipFlopDPET:flip3|    ; 1 (1)               ; 1 (1)                     ; 0           ; 0            ; 0       ; 0         ; 0         ; 0    ; 0            ; |BitSerialEnc|flipFlopDPET:flip3                   ; flipFlopDPET  ; work         ;
;    |flipFlopDPET:flip4|    ; 0 (0)               ; 1 (1)                     ; 0           ; 0            ; 0       ; 0         ; 0         ; 0    ; 0            ; |BitSerialEnc|flipFlopDPET:flip4                   ; flipFlopDPET  ; work         ;
+----------------------------+---------------------+---------------------------+-------------+--------------+---------+-----------+-----------+------+--------------+----------------------------------------------------+---------------+--------------+
Note: For table entries with two numbers listed, the numbers in parentheses indicate the number of resources of the given type used by the specific entity alone. The numbers listed outside of parentheses indicate the total resources of the given type used by the specific entity and all of its sub-entities in the hierarchy.


+----------------------------------------------------------------------------------------------+
; Registers Removed During Synthesis                                                           ;
+-----------------------------------------+----------------------------------------------------+
; Register name                           ; Reason for Removal                                 ;
+-----------------------------------------+----------------------------------------------------+
; counter_5bits:count|flipFlopDPET:ff0|nQ ; Merged with counter_5bits:count|flipFlopDPET:ff0|Q ;
; Total Number of Removed Registers = 1   ;                                                    ;
+-----------------------------------------+----------------------------------------------------+


+------------------------------------------------------+
; General Register Statistics                          ;
+----------------------------------------------+-------+
; Statistic                                    ; Value ;
+----------------------------------------------+-------+
; Total registers                              ; 10    ;
; Number of registers using Synchronous Clear  ; 0     ;
; Number of registers using Synchronous Load   ; 0     ;
; Number of registers using Asynchronous Clear ; 10    ;
; Number of registers using Asynchronous Load  ; 0     ;
; Number of registers using Clock Enable       ; 0     ;
; Number of registers using Preset             ; 0     ;
+----------------------------------------------+-------+


+----------------------------------------------------------------------------------------------------------------+
; Port Connectivity Checks: "flipFlopDPET:flip4"                                                                 ;
+------+--------+----------+-------------------------------------------------------------------------------------+
; Port ; Type   ; Severity ; Details                                                                             ;
+------+--------+----------+-------------------------------------------------------------------------------------+
; nset ; Input  ; Info     ; Stuck at VCC                                                                        ;
; nq   ; Output ; Info     ; Connected to dangling logic. Logic that only feeds a dangling port will be removed. ;
+------+--------+----------+-------------------------------------------------------------------------------------+


+----------------------------------------------------------------------------------------------------------------+
; Port Connectivity Checks: "flipFlopDPET:flip3"                                                                 ;
+------+--------+----------+-------------------------------------------------------------------------------------+
; Port ; Type   ; Severity ; Details                                                                             ;
+------+--------+----------+-------------------------------------------------------------------------------------+
; nset ; Input  ; Info     ; Stuck at VCC                                                                        ;
; nq   ; Output ; Info     ; Connected to dangling logic. Logic that only feeds a dangling port will be removed. ;
+------+--------+----------+-------------------------------------------------------------------------------------+


+----------------------------------------------------------------------------------------------------------------+
; Port Connectivity Checks: "flipFlopDPET:flip2"                                                                 ;
+------+--------+----------+-------------------------------------------------------------------------------------+
; Port ; Type   ; Severity ; Details                                                                             ;
+------+--------+----------+-------------------------------------------------------------------------------------+
; nset ; Input  ; Info     ; Stuck at VCC                                                                        ;
; nq   ; Output ; Info     ; Connected to dangling logic. Logic that only feeds a dangling port will be removed. ;
+------+--------+----------+-------------------------------------------------------------------------------------+


+----------------------------------------------------------------------------------------------------------------+
; Port Connectivity Checks: "flipFlopDPET:flip1"                                                                 ;
+------+--------+----------+-------------------------------------------------------------------------------------+
; Port ; Type   ; Severity ; Details                                                                             ;
+------+--------+----------+-------------------------------------------------------------------------------------+
; nset ; Input  ; Info     ; Stuck at VCC                                                                        ;
; nq   ; Output ; Info     ; Connected to dangling logic. Logic that only feeds a dangling port will be removed. ;
+------+--------+----------+-------------------------------------------------------------------------------------+


+----------------------------------------------------------------------------------------------------------------+
; Port Connectivity Checks: "flipFlopDPET:flip0"                                                                 ;
+------+--------+----------+-------------------------------------------------------------------------------------+
; Port ; Type   ; Severity ; Details                                                                             ;
+------+--------+----------+-------------------------------------------------------------------------------------+
; nset ; Input  ; Info     ; Stuck at VCC                                                                        ;
; nq   ; Output ; Info     ; Connected to dangling logic. Logic that only feeds a dangling port will be removed. ;
+------+--------+----------+-------------------------------------------------------------------------------------+


+----------------------------------------------------------------------------------------------------------------+
; Port Connectivity Checks: "counter_5bits:count|flipFlopDPET:ff4"                                               ;
+------+--------+----------+-------------------------------------------------------------------------------------+
; Port ; Type   ; Severity ; Details                                                                             ;
+------+--------+----------+-------------------------------------------------------------------------------------+
; nset ; Input  ; Info     ; Stuck at VCC                                                                        ;
; nq   ; Output ; Info     ; Connected to dangling logic. Logic that only feeds a dangling port will be removed. ;
+------+--------+----------+-------------------------------------------------------------------------------------+


+----------------------------------------------------------------------------------------------------------------+
; Port Connectivity Checks: "counter_5bits:count|flipFlopDPET:ff3"                                               ;
+------+--------+----------+-------------------------------------------------------------------------------------+
; Port ; Type   ; Severity ; Details                                                                             ;
+------+--------+----------+-------------------------------------------------------------------------------------+
; nset ; Input  ; Info     ; Stuck at VCC                                                                        ;
; nq   ; Output ; Info     ; Connected to dangling logic. Logic that only feeds a dangling port will be removed. ;
+------+--------+----------+-------------------------------------------------------------------------------------+


+----------------------------------------------------------------------------------------------------------------+
; Port Connectivity Checks: "counter_5bits:count|flipFlopDPET:ff2"                                               ;
+------+--------+----------+-------------------------------------------------------------------------------------+
; Port ; Type   ; Severity ; Details                                                                             ;
+------+--------+----------+-------------------------------------------------------------------------------------+
; nset ; Input  ; Info     ; Stuck at VCC                                                                        ;
; nq   ; Output ; Info     ; Connected to dangling logic. Logic that only feeds a dangling port will be removed. ;
+------+--------+----------+-------------------------------------------------------------------------------------+


+----------------------------------------------------------------------------------------------------------------+
; Port Connectivity Checks: "counter_5bits:count|flipFlopDPET:ff1"                                               ;
+------+--------+----------+-------------------------------------------------------------------------------------+
; Port ; Type   ; Severity ; Details                                                                             ;
+------+--------+----------+-------------------------------------------------------------------------------------+
; nset ; Input  ; Info     ; Stuck at VCC                                                                        ;
; nq   ; Output ; Info     ; Connected to dangling logic. Logic that only feeds a dangling port will be removed. ;
+------+--------+----------+-------------------------------------------------------------------------------------+


+------------------------------------------------------------------+
; Port Connectivity Checks: "counter_5bits:count|flipFlopDPET:ff0" ;
+------+-------+----------+----------------------------------------+
; Port ; Type  ; Severity ; Details                                ;
+------+-------+----------+----------------------------------------+
; nset ; Input ; Info     ; Stuck at VCC                           ;
+------+-------+----------+----------------------------------------+


+----------------------------------------------------------------------------------------------------------------+
; Port Connectivity Checks: "counter_5bits:count|gateAnd2:ad4"                                                   ;
+------+--------+----------+-------------------------------------------------------------------------------------+
; Port ; Type   ; Severity ; Details                                                                             ;
+------+--------+----------+-------------------------------------------------------------------------------------+
; y    ; Output ; Info     ; Connected to dangling logic. Logic that only feeds a dangling port will be removed. ;
+------+--------+----------+-------------------------------------------------------------------------------------+


+-----------------------------------------------------+
; Post-Synthesis Netlist Statistics for Top Partition ;
+-----------------------+-----------------------------+
; Type                  ; Count                       ;
+-----------------------+-----------------------------+
; boundary_port         ; 9                           ;
; cycloneiii_ff         ; 10                          ;
;     CLR               ; 10                          ;
; cycloneiii_lcell_comb ; 21                          ;
;     normal            ; 21                          ;
;         1 data inputs ; 1                           ;
;         2 data inputs ; 3                           ;
;         3 data inputs ; 6                           ;
;         4 data inputs ; 11                          ;
;                       ;                             ;
; Max LUT depth         ; 4.00                        ;
; Average LUT depth     ; 2.32                        ;
+-----------------------+-----------------------------+


+-------------------------------+
; Elapsed Time Per Partition    ;
+----------------+--------------+
; Partition Name ; Elapsed Time ;
+----------------+--------------+
; Top            ; 00:00:00     ;
+----------------+--------------+


+-------------------------------+
; Analysis & Synthesis Messages ;
+-------------------------------+
Info: *******************************************************************
Info: Running Quartus Prime Analysis & Synthesis
    Info: Version 17.1.0 Build 590 10/25/2017 SJ Lite Edition
    Info: Processing started: Wed Dec 08 15:24:51 2021
Info: Command: quartus_map --read_settings_files=on --write_settings_files=off HammingCode -c HammingCode
Warning (18236): Number of processors has not been specified which may cause overloading on shared machines.  Set the global assignment NUM_PARALLEL_PROCESSORS in your QSF to an appropriate value for best performance.
Info (20030): Parallel compilation is enabled and will use 4 of the 4 processors detected
Info (12021): Found 2 design units, including 1 entities, in source file parallelenc.vhd
    Info (12022): Found design unit 1: ParallelEnc-Structural File: C:/Academico/UA/4 ano/1 semestre/AAD/Pratica/Assigment1/Haming_Code/ParallelEnc.vhd Line: 12
    Info (12023): Found entity 1: ParallelEnc File: C:/Academico/UA/4 ano/1 semestre/AAD/Pratica/Assigment1/Haming_Code/ParallelEnc.vhd Line: 5
Info (12021): Found 2 design units, including 1 entities, in source file paralleldecod.vhd
    Info (12022): Found design unit 1: ParallelDecod-Structural File: C:/Academico/UA/4 ano/1 semestre/AAD/Pratica/Assigment1/Haming_Code/ParallelDecod.vhd Line: 13
    Info (12023): Found entity 1: ParallelDecod File: C:/Academico/UA/4 ano/1 semestre/AAD/Pratica/Assigment1/Haming_Code/ParallelDecod.vhd Line: 8
Info (12021): Found 18 design units, including 9 entities, in source file simplelogic.vhd
    Info (12022): Found design unit 1: gateXOr2-logicFunction File: C:/Academico/UA/4 ano/1 semestre/AAD/Pratica/Assigment1/Haming_Code/simpleLogic.vhd Line: 9
    Info (12022): Found design unit 2: gateAnd2-logicFunction File: C:/Academico/UA/4 ano/1 semestre/AAD/Pratica/Assigment1/Haming_Code/simpleLogic.vhd Line: 23
    Info (12022): Found design unit 3: gateAnd4-logicFunction File: C:/Academico/UA/4 ano/1 semestre/AAD/Pratica/Assigment1/Haming_Code/simpleLogic.vhd Line: 37
    Info (12022): Found design unit 4: gateAnd3-logicFunction File: C:/Academico/UA/4 ano/1 semestre/AAD/Pratica/Assigment1/Haming_Code/simpleLogic.vhd Line: 51
    Info (12022): Found design unit 5: gateNand2-logicFunction File: C:/Academico/UA/4 ano/1 semestre/AAD/Pratica/Assigment1/Haming_Code/simpleLogic.vhd Line: 65
    Info (12022): Found design unit 6: gateNot-logicFunction File: C:/Academico/UA/4 ano/1 semestre/AAD/Pratica/Assigment1/Haming_Code/simpleLogic.vhd Line: 79
    Info (12022): Found design unit 7: gateOr2-logicFunction File: C:/Academico/UA/4 ano/1 semestre/AAD/Pratica/Assigment1/Haming_Code/simpleLogic.vhd Line: 93
    Info (12022): Found design unit 8: gateNor2-logicFunction File: C:/Academico/UA/4 ano/1 semestre/AAD/Pratica/Assigment1/Haming_Code/simpleLogic.vhd Line: 107
    Info (12022): Found design unit 9: gateOr4-logicFunction File: C:/Academico/UA/4 ano/1 semestre/AAD/Pratica/Assigment1/Haming_Code/simpleLogic.vhd Line: 121
    Info (12023): Found entity 1: gateXOr2 File: C:/Academico/UA/4 ano/1 semestre/AAD/Pratica/Assigment1/Haming_Code/simpleLogic.vhd Line: 4
    Info (12023): Found entity 2: gateAnd2 File: C:/Academico/UA/4 ano/1 semestre/AAD/Pratica/Assigment1/Haming_Code/simpleLogic.vhd Line: 18
    Info (12023): Found entity 3: gateAnd4 File: C:/Academico/UA/4 ano/1 semestre/AAD/Pratica/Assigment1/Haming_Code/simpleLogic.vhd Line: 32
    Info (12023): Found entity 4: gateAnd3 File: C:/Academico/UA/4 ano/1 semestre/AAD/Pratica/Assigment1/Haming_Code/simpleLogic.vhd Line: 46
    Info (12023): Found entity 5: gateNand2 File: C:/Academico/UA/4 ano/1 semestre/AAD/Pratica/Assigment1/Haming_Code/simpleLogic.vhd Line: 60
    Info (12023): Found entity 6: gateNot File: C:/Academico/UA/4 ano/1 semestre/AAD/Pratica/Assigment1/Haming_Code/simpleLogic.vhd Line: 74
    Info (12023): Found entity 7: gateOr2 File: C:/Academico/UA/4 ano/1 semestre/AAD/Pratica/Assigment1/Haming_Code/simpleLogic.vhd Line: 88
    Info (12023): Found entity 8: gateNor2 File: C:/Academico/UA/4 ano/1 semestre/AAD/Pratica/Assigment1/Haming_Code/simpleLogic.vhd Line: 102
    Info (12023): Found entity 9: gateOr4 File: C:/Academico/UA/4 ano/1 semestre/AAD/Pratica/Assigment1/Haming_Code/simpleLogic.vhd Line: 116
Info (12021): Found 2 design units, including 1 entities, in source file bitserialenc.vhd
    Info (12022): Found design unit 1: BitSerialEnc-Structural File: C:/Academico/UA/4 ano/1 semestre/AAD/Pratica/Assigment1/Haming_Code/BitSerialEnc.vhd Line: 31
    Info (12023): Found entity 1: BitSerialEnc File: C:/Academico/UA/4 ano/1 semestre/AAD/Pratica/Assigment1/Haming_Code/BitSerialEnc.vhd Line: 23
Info (12021): Found 4 design units, including 2 entities, in source file control.vhd
    Info (12022): Found design unit 1: contMem-behavior File: C:/Academico/UA/4 ano/1 semestre/AAD/Pratica/Assigment1/Haming_Code/control.vhd Line: 15
    Info (12022): Found design unit 2: control-Structural File: C:/Academico/UA/4 ano/1 semestre/AAD/Pratica/Assigment1/Haming_Code/control.vhd Line: 66
    Info (12023): Found entity 1: contMem File: C:/Academico/UA/4 ano/1 semestre/AAD/Pratica/Assigment1/Haming_Code/control.vhd Line: 10
    Info (12023): Found entity 2: control File: C:/Academico/UA/4 ano/1 semestre/AAD/Pratica/Assigment1/Haming_Code/control.vhd Line: 53
Info (12021): Found 4 design units, including 2 entities, in source file arithmetic.vhd
    Info (12022): Found design unit 1: MUX2_1-structure File: C:/Academico/UA/4 ano/1 semestre/AAD/Pratica/Assigment1/Haming_Code/arithmetic.vhd Line: 11
    Info (12022): Found design unit 2: MUX4_1-structure File: C:/Academico/UA/4 ano/1 semestre/AAD/Pratica/Assigment1/Haming_Code/arithmetic.vhd Line: 50
    Info (12023): Found entity 1: MUX2_1 File: C:/Academico/UA/4 ano/1 semestre/AAD/Pratica/Assigment1/Haming_Code/arithmetic.vhd Line: 4
    Info (12023): Found entity 2: Mux4_1 File: C:/Academico/UA/4 ano/1 semestre/AAD/Pratica/Assigment1/Haming_Code/arithmetic.vhd Line: 40
Info (12021): Found 2 design units, including 1 entities, in source file flipflopdpet.vhd
    Info (12022): Found design unit 1: flipFlopDPET-behavior File: C:/Academico/UA/4 ano/1 semestre/AAD/Pratica/Assigment1/Haming_Code/flipFlopDPET.vhd Line: 10
    Info (12023): Found entity 1: flipFlopDPET File: C:/Academico/UA/4 ano/1 semestre/AAD/Pratica/Assigment1/Haming_Code/flipFlopDPET.vhd Line: 4
Info (12021): Found 2 design units, including 1 entities, in source file counter_5bits.vhd
    Info (12022): Found design unit 1: counter_5bits-structure File: C:/Academico/UA/4 ano/1 semestre/AAD/Pratica/Assigment1/Haming_Code/counter_5bits.vhd Line: 10
    Info (12023): Found entity 1: counter_5bits File: C:/Academico/UA/4 ano/1 semestre/AAD/Pratica/Assigment1/Haming_Code/counter_5bits.vhd Line: 4
Info (12127): Elaborating entity "BitSerialEnc" for the top level hierarchy
Info (12128): Elaborating entity "counter_5bits" for hierarchy "counter_5bits:count" File: C:/Academico/UA/4 ano/1 semestre/AAD/Pratica/Assigment1/Haming_Code/BitSerialEnc.vhd Line: 97
Warning (10036): Verilog HDL or VHDL warning at counter_5bits.vhd(11): object "pD4" assigned a value but never read File: C:/Academico/UA/4 ano/1 semestre/AAD/Pratica/Assigment1/Haming_Code/counter_5bits.vhd Line: 11
Info (12128): Elaborating entity "gateAnd2" for hierarchy "counter_5bits:count|gateAnd2:ad1" File: C:/Academico/UA/4 ano/1 semestre/AAD/Pratica/Assigment1/Haming_Code/counter_5bits.vhd Line: 31
Info (12128): Elaborating entity "gateXOr2" for hierarchy "counter_5bits:count|gateXOr2:xr1" File: C:/Academico/UA/4 ano/1 semestre/AAD/Pratica/Assigment1/Haming_Code/counter_5bits.vhd Line: 36
Info (12128): Elaborating entity "flipFlopDPET" for hierarchy "counter_5bits:count|flipFlopDPET:ff0" File: C:/Academico/UA/4 ano/1 semestre/AAD/Pratica/Assigment1/Haming_Code/counter_5bits.vhd Line: 41
Info (12128): Elaborating entity "control" for hierarchy "control:cont" File: C:/Academico/UA/4 ano/1 semestre/AAD/Pratica/Assigment1/Haming_Code/BitSerialEnc.vhd Line: 99
Info (12128): Elaborating entity "contMem" for hierarchy "control:cont|contMem:cMem" File: C:/Academico/UA/4 ano/1 semestre/AAD/Pratica/Assigment1/Haming_Code/control.vhd Line: 82
Info (12128): Elaborating entity "Mux4_1" for hierarchy "Mux4_1:m4_1" File: C:/Academico/UA/4 ano/1 semestre/AAD/Pratica/Assigment1/Haming_Code/BitSerialEnc.vhd Line: 116
Info (12128): Elaborating entity "gateNot" for hierarchy "Mux4_1:m4_1|gateNot:notS0" File: C:/Academico/UA/4 ano/1 semestre/AAD/Pratica/Assigment1/Haming_Code/arithmetic.vhd Line: 68
Info (12128): Elaborating entity "gateAnd3" for hierarchy "Mux4_1:m4_1|gateAnd3:andIn0" File: C:/Academico/UA/4 ano/1 semestre/AAD/Pratica/Assigment1/Haming_Code/arithmetic.vhd Line: 71
Info (12128): Elaborating entity "gateOr4" for hierarchy "Mux4_1:m4_1|gateOr4:orMux" File: C:/Academico/UA/4 ano/1 semestre/AAD/Pratica/Assigment1/Haming_Code/arithmetic.vhd Line: 76
Info (12128): Elaborating entity "MUX2_1" for hierarchy "MUX2_1:m2_1" File: C:/Academico/UA/4 ano/1 semestre/AAD/Pratica/Assigment1/Haming_Code/BitSerialEnc.vhd Line: 118
Info (12128): Elaborating entity "gateOr2" for hierarchy "MUX2_1:m2_1|gateOr2:orMux" File: C:/Academico/UA/4 ano/1 semestre/AAD/Pratica/Assigment1/Haming_Code/arithmetic.vhd Line: 31
Info (276014): Found 1 instances of uninferred RAM logic
    Info (276004): RAM logic "control:cont|contMem:cMem|prog" is uninferred due to inappropriate RAM size File: C:/Academico/UA/4 ano/1 semestre/AAD/Pratica/Assigment1/Haming_Code/control.vhd Line: 20
Warning (113028): 15 out of 32 addresses are uninitialized. The Quartus Prime software will initialize them to "0". There are 1 warnings found, and 1 warnings are reported. File: C:/Academico/UA/4 ano/1 semestre/AAD/Pratica/Assigment1/Haming_Code/db/HammingCode.ram0_contMem_4148fa2d.hdl.mif Line: 1
    Warning (113027): Addresses ranging from 17 to 31 are not initialized File: C:/Academico/UA/4 ano/1 semestre/AAD/Pratica/Assigment1/Haming_Code/db/HammingCode.ram0_contMem_4148fa2d.hdl.mif Line: 1
Info (286030): Timing-Driven Synthesis is running
Info (16010): Generating hard_block partition "hard_block:auto_generated_inst"
    Info (16011): Adding 0 node(s), including 0 DDIO, 0 PLL, 0 transceiver and 0 LCELL
Info (21057): Implemented 30 device resources after synthesis - the final resource count might be different
    Info (21058): Implemented 3 input pins
    Info (21059): Implemented 6 output pins
    Info (21061): Implemented 21 logic cells
Info: Quartus Prime Analysis & Synthesis was successful. 0 errors, 4 warnings
    Info: Peak virtual memory: 4852 megabytes
    Info: Processing ended: Wed Dec 08 15:25:03 2021
    Info: Elapsed time: 00:00:12
    Info: Total CPU time (on all processors): 00:00:28


