Flow report for HammingCode
Wed Dec 08 15:31:15 2021
Quartus Prime Version 17.1.0 Build 590 10/25/2017 SJ Lite Edition


---------------------
; Table of Contents ;
---------------------
  1. Legal Notice
  2. Flow Summary
  3. Flow Settings
  4. Flow Non-Default Global Settings
  5. Flow Elapsed Time
  6. Flow OS Summary
  7. Flow Log
  8. Flow Messages
  9. Flow Suppressed Messages



----------------
; Legal Notice ;
----------------
Copyright (C) 2017  Intel Corporation. All rights reserved.
Your use of Intel Corporation's design tools, logic functions 
and other software and tools, and its AMPP partner logic 
functions, and any output files from any of the foregoing 
(including device programming or simulation files), and any 
associated documentation or information are expressly subject 
to the terms and conditions of the Intel Program License 
Subscription Agreement, the Intel Quartus Prime License Agreement,
the Intel FPGA IP License Agreement, or other applicable license
agreement, including, without limitation, that your use is for
the sole purpose of programming logic devices manufactured by
Intel and sold by Intel or its authorized distributors.  Please
refer to the applicable agreement for further details.



+----------------------------------------------------------------------------------+
; Flow Summary                                                                     ;
+------------------------------------+---------------------------------------------+
; Flow Status                        ; Successful - Wed Dec 08 15:31:15 2021       ;
; Quartus Prime Version              ; 17.1.0 Build 590 10/25/2017 SJ Lite Edition ;
; Revision Name                      ; HammingCode                                 ;
; Top-level Entity Name              ; BitSerialEnc                                ;
; Family                             ; Cyclone IV GX                               ;
; Total logic elements               ; 21 / 14,400 ( < 1 % )                       ;
;     Total combinational functions  ; 21 / 14,400 ( < 1 % )                       ;
;     Dedicated logic registers      ; 10 / 14,400 ( < 1 % )                       ;
; Total registers                    ; 10                                          ;
; Total pins                         ; 9 / 81 ( 11 % )                             ;
; Total virtual pins                 ; 0                                           ;
; Total memory bits                  ; 0 / 552,960 ( 0 % )                         ;
; Embedded Multiplier 9-bit elements ; 0                                           ;
; Total GXB Receiver Channel PCS     ; 0 / 2 ( 0 % )                               ;
; Total GXB Receiver Channel PMA     ; 0 / 2 ( 0 % )                               ;
; Total GXB Transmitter Channel PCS  ; 0 / 2 ( 0 % )                               ;
; Total GXB Transmitter Channel PMA  ; 0 / 2 ( 0 % )                               ;
; Total PLLs                         ; 0 / 3 ( 0 % )                               ;
; Device                             ; EP4CGX15BF14C6                              ;
; Timing Models                      ; Final                                       ;
+------------------------------------+---------------------------------------------+


+-----------------------------------------+
; Flow Settings                           ;
+-------------------+---------------------+
; Option            ; Setting             ;
+-------------------+---------------------+
; Start date & time ; 12/08/2021 15:24:52 ;
; Main task         ; Compilation         ;
; Revision Name     ; HammingCode         ;
+-------------------+---------------------+


+-------------------------------------------------------------------------------------------------------------------------------------------------+
; Flow Non-Default Global Settings                                                                                                                ;
+-------------------------------------+----------------------------------------+---------------+--------------+-----------------------------------+
; Assignment Name                     ; Value                                  ; Default Value ; Entity Name  ; Section Id                        ;
+-------------------------------------+----------------------------------------+---------------+--------------+-----------------------------------+
; COMPILER_SIGNATURE_ID               ; 190090207946697.163897709103244        ; --            ; --           ; --                                ;
; EDA_GENERATE_FUNCTIONAL_NETLIST     ; Off                                    ; --            ; --           ; eda_board_design_timing           ;
; EDA_GENERATE_FUNCTIONAL_NETLIST     ; Off                                    ; --            ; --           ; eda_board_design_boundary_scan    ;
; EDA_GENERATE_FUNCTIONAL_NETLIST     ; Off                                    ; --            ; --           ; eda_board_design_signal_integrity ;
; EDA_GENERATE_FUNCTIONAL_NETLIST     ; Off                                    ; --            ; --           ; eda_board_design_symbol           ;
; EDA_OUTPUT_DATA_FORMAT              ; Vhdl                                   ; --            ; --           ; eda_simulation                    ;
; EDA_SIMULATION_TOOL                 ; ModelSim (VHDL)                        ; <None>        ; --           ; --                                ;
; EDA_TIME_SCALE                      ; 1 ps                                   ; --            ; --           ; eda_simulation                    ;
; PARTITION_COLOR                     ; -- (Not supported for targeted family) ; --            ; BitSerialEnc ; Top                               ;
; PARTITION_FITTER_PRESERVATION_LEVEL ; -- (Not supported for targeted family) ; --            ; BitSerialEnc ; Top                               ;
; PARTITION_NETLIST_TYPE              ; -- (Not supported for targeted family) ; --            ; BitSerialEnc ; Top                               ;
; PROJECT_OUTPUT_DIRECTORY            ; output_files                           ; --            ; --           ; --                                ;
; TOP_LEVEL_ENTITY                    ; BitSerialEnc                           ; HammingCode   ; --           ; --                                ;
+-------------------------------------+----------------------------------------+---------------+--------------+-----------------------------------+


+-------------------------------------------------------------------------------------------------------------------------------+
; Flow Elapsed Time                                                                                                             ;
+---------------------------+--------------+-------------------------+---------------------+------------------------------------+
; Module Name               ; Elapsed Time ; Average Processors Used ; Peak Virtual Memory ; Total CPU Time (on all processors) ;
+---------------------------+--------------+-------------------------+---------------------+------------------------------------+
; Analysis & Synthesis      ; 00:00:12     ; 1.0                     ; 4852 MB             ; 00:00:28                           ;
; Fitter                    ; 00:00:05     ; 1.0                     ; 5574 MB             ; 00:00:06                           ;
; Assembler                 ; 00:00:01     ; 1.0                     ; 4739 MB             ; 00:00:01                           ;
; TimeQuest Timing Analyzer ; 00:00:03     ; 1.0                     ; 4746 MB             ; 00:00:02                           ;
; EDA Netlist Writer        ; 00:00:02     ; 1.0                     ; 4703 MB             ; 00:00:01                           ;
; EDA Netlist Writer        ; 00:00:01     ; 1.0                     ; 4693 MB             ; 00:00:01                           ;
; EDA Netlist Writer        ; 00:00:01     ; 1.0                     ; 4698 MB             ; 00:00:01                           ;
; EDA Netlist Writer        ; 00:00:01     ; 1.0                     ; 4693 MB             ; 00:00:01                           ;
; EDA Netlist Writer        ; 00:00:01     ; 1.0                     ; 4698 MB             ; 00:00:01                           ;
; EDA Netlist Writer        ; 00:00:01     ; 1.0                     ; 4693 MB             ; 00:00:01                           ;
; EDA Netlist Writer        ; 00:00:01     ; 1.0                     ; 4698 MB             ; 00:00:01                           ;
; EDA Netlist Writer        ; 00:00:01     ; 1.0                     ; 4693 MB             ; 00:00:01                           ;
; EDA Netlist Writer        ; 00:00:01     ; 1.0                     ; 4698 MB             ; 00:00:01                           ;
; EDA Netlist Writer        ; 00:00:01     ; 1.0                     ; 4693 MB             ; 00:00:01                           ;
; EDA Netlist Writer        ; 00:00:01     ; 1.0                     ; 4698 MB             ; 00:00:01                           ;
; EDA Netlist Writer        ; 00:00:01     ; 1.0                     ; 4693 MB             ; 00:00:01                           ;
; EDA Netlist Writer        ; 00:00:01     ; 1.0                     ; 4698 MB             ; 00:00:01                           ;
; Total                     ; 00:00:35     ; --                      ; --                  ; 00:00:50                           ;
+---------------------------+--------------+-------------------------+---------------------+------------------------------------+


+-----------------------------------------------------------------------------------------+
; Flow OS Summary                                                                         ;
+---------------------------+------------------+------------+------------+----------------+
; Module Name               ; Machine Hostname ; OS Name    ; OS Version ; Processor type ;
+---------------------------+------------------+------------+------------+----------------+
; Analysis & Synthesis      ; DESKTOP-PEVSSVR  ; Windows 10 ; 10.0       ; x86_64         ;
; Fitter                    ; DESKTOP-PEVSSVR  ; Windows 10 ; 10.0       ; x86_64         ;
; Assembler                 ; DESKTOP-PEVSSVR  ; Windows 10 ; 10.0       ; x86_64         ;
; TimeQuest Timing Analyzer ; DESKTOP-PEVSSVR  ; Windows 10 ; 10.0       ; x86_64         ;
; EDA Netlist Writer        ; DESKTOP-PEVSSVR  ; Windows 10 ; 10.0       ; x86_64         ;
; EDA Netlist Writer        ; DESKTOP-PEVSSVR  ; Windows 10 ; 10.0       ; x86_64         ;
; EDA Netlist Writer        ; DESKTOP-PEVSSVR  ; Windows 10 ; 10.0       ; x86_64         ;
; EDA Netlist Writer        ; DESKTOP-PEVSSVR  ; Windows 10 ; 10.0       ; x86_64         ;
; EDA Netlist Writer        ; DESKTOP-PEVSSVR  ; Windows 10 ; 10.0       ; x86_64         ;
; EDA Netlist Writer        ; DESKTOP-PEVSSVR  ; Windows 10 ; 10.0       ; x86_64         ;
; EDA Netlist Writer        ; DESKTOP-PEVSSVR  ; Windows 10 ; 10.0       ; x86_64         ;
; EDA Netlist Writer        ; DESKTOP-PEVSSVR  ; Windows 10 ; 10.0       ; x86_64         ;
; EDA Netlist Writer        ; DESKTOP-PEVSSVR  ; Windows 10 ; 10.0       ; x86_64         ;
; EDA Netlist Writer        ; DESKTOP-PEVSSVR  ; Windows 10 ; 10.0       ; x86_64         ;
; EDA Netlist Writer        ; DESKTOP-PEVSSVR  ; Windows 10 ; 10.0       ; x86_64         ;
; EDA Netlist Writer        ; DESKTOP-PEVSSVR  ; Windows 10 ; 10.0       ; x86_64         ;
; EDA Netlist Writer        ; DESKTOP-PEVSSVR  ; Windows 10 ; 10.0       ; x86_64         ;
+---------------------------+------------------+------------+------------+----------------+


------------
; Flow Log ;
------------
quartus_map --read_settings_files=on --write_settings_files=off HammingCode -c HammingCode
quartus_fit --read_settings_files=off --write_settings_files=off HammingCode -c HammingCode
quartus_asm --read_settings_files=off --write_settings_files=off HammingCode -c HammingCode
quartus_sta HammingCode -c HammingCode
quartus_eda --read_settings_files=off --write_settings_files=off HammingCode -c HammingCode
quartus_eda --gen_testbench --tool=modelsim_oem --format=vhdl --write_settings_files=off HammingCode -c HammingCode --vector_source="C:/Academico/UA/4 ano/1 semestre/AAD/Pratica/Assigment1/Haming_Code/BitSerialEnc1.vwf" --testbench_file="C:/Academico/UA/4 ano/1 semestre/AAD/Pratica/Assigment1/Haming_Code/simulation/qsim/BitSerialEnc1.vwf.vht"
quartus_eda --write_settings_files=off --simulation=on --functional=on --flatten_buses=off --tool=modelsim_oem --format=vhdl --output_directory="C:/Academico/UA/4 ano/1 semestre/AAD/Pratica/Assigment1/Haming_Code/simulation/qsim/" HammingCode -c HammingCode
quartus_eda --gen_testbench --tool=modelsim_oem --format=vhdl --write_settings_files=off HammingCode -c HammingCode --vector_source="C:/Academico/UA/4 ano/1 semestre/AAD/Pratica/Assigment1/Haming_Code/BitSerialEnc.vwf" --testbench_file="C:/Academico/UA/4 ano/1 semestre/AAD/Pratica/Assigment1/Haming_Code/simulation/qsim/BitSerialEnc.vwf.vht"
quartus_eda --write_settings_files=off --simulation=on --functional=on --flatten_buses=off --tool=modelsim_oem --format=vhdl --output_directory="C:/Academico/UA/4 ano/1 semestre/AAD/Pratica/Assigment1/Haming_Code/simulation/qsim/" HammingCode -c HammingCode
quartus_eda --gen_testbench --tool=modelsim_oem --format=vhdl --write_settings_files=off HammingCode -c HammingCode --vector_source="C:/Academico/UA/4 ano/1 semestre/AAD/Pratica/Assigment1/Haming_Code/BitSerialEnc1.vwf" --testbench_file="C:/Academico/UA/4 ano/1 semestre/AAD/Pratica/Assigment1/Haming_Code/simulation/qsim/BitSerialEnc1.vwf.vht"
quartus_eda --write_settings_files=off --simulation=on --functional=on --flatten_buses=off --tool=modelsim_oem --format=vhdl --output_directory="C:/Academico/UA/4 ano/1 semestre/AAD/Pratica/Assigment1/Haming_Code/simulation/qsim/" HammingCode -c HammingCode
quartus_eda --gen_testbench --tool=modelsim_oem --format=vhdl --write_settings_files=off HammingCode -c HammingCode --vector_source="C:/Academico/UA/4 ano/1 semestre/AAD/Pratica/Assigment1/Haming_Code/BitSerialEnc2.vwf" --testbench_file="C:/Academico/UA/4 ano/1 semestre/AAD/Pratica/Assigment1/Haming_Code/simulation/qsim/BitSerialEnc2.vwf.vht"
quartus_eda --write_settings_files=off --simulation=on --functional=on --flatten_buses=off --tool=modelsim_oem --format=vhdl --output_directory="C:/Academico/UA/4 ano/1 semestre/AAD/Pratica/Assigment1/Haming_Code/simulation/qsim/" HammingCode -c HammingCode
quartus_eda --gen_testbench --tool=modelsim_oem --format=vhdl --write_settings_files=off HammingCode -c HammingCode --vector_source="C:/Academico/UA/4 ano/1 semestre/AAD/Pratica/Assigment1/Haming_Code/BitSerialEnc3.vwf" --testbench_file="C:/Academico/UA/4 ano/1 semestre/AAD/Pratica/Assigment1/Haming_Code/simulation/qsim/BitSerialEnc3.vwf.vht"
quartus_eda --write_settings_files=off --simulation=on --functional=on --flatten_buses=off --tool=modelsim_oem --format=vhdl --output_directory="C:/Academico/UA/4 ano/1 semestre/AAD/Pratica/Assigment1/Haming_Code/simulation/qsim/" HammingCode -c HammingCode
quartus_eda --gen_testbench --tool=modelsim_oem --format=vhdl --write_settings_files=off HammingCode -c HammingCode --vector_source="C:/Academico/UA/4 ano/1 semestre/AAD/Pratica/Assigment1/Haming_Code/BitSerialEnc4.vwf" --testbench_file="C:/Academico/UA/4 ano/1 semestre/AAD/Pratica/Assigment1/Haming_Code/simulation/qsim/BitSerialEnc4.vwf.vht"
quartus_eda --write_settings_files=off --simulation=on --functional=on --flatten_buses=off --tool=modelsim_oem --format=vhdl --output_directory="C:/Academico/UA/4 ano/1 semestre/AAD/Pratica/Assigment1/Haming_Code/simulation/qsim/" HammingCode -c HammingCode



