#-----------------------------------------------------------
# Vivado v2020.2 (64-bit)
# SW Build 3064766 on Wed Nov 18 09:12:45 MST 2020
# IP Build 3064653 on Wed Nov 18 14:17:31 MST 2020
# Start of session at: Wed May 11 10:56:47 2022
# Process ID: 16260
# Current directory: C:/Academico/UA/4ano/2semestre/CR/Pratica/Guiao6/MB_basePlataform
# Command line: vivado.exe -gui_launcher_event rodinguilauncherevent17640 C:\Academico\UA\4ano\2semestre\CR\Pratica\Guiao6\MB_basePlataform\MB_basePlataform.xpr
# Log file: C:/Academico/UA/4ano/2semestre/CR/Pratica/Guiao6/MB_basePlataform/vivado.log
# Journal file: C:/Academico/UA/4ano/2semestre/CR/Pratica/Guiao6/MB_basePlataform\vivado.jou
#-----------------------------------------------------------
start_gui
open_project C:/Academico/UA/4ano/2semestre/CR/Pratica/Guiao6/MB_basePlataform/MB_basePlataform.xpr
INFO: [Project 1-313] Project file moved from 'C:/Academico/UA/4ano/2semestre/CR/Pratica/Guiao5/MB_basePlataform' since last save.
Scanning sources...
Finished scanning sources
INFO: [IP_Flow 19-234] Refreshing IP repositories
INFO: [IP_Flow 19-1704] No user IP repositories specified
INFO: [IP_Flow 19-2313] Loaded Vivado IP repository 'C:/Xilinx/Vivado/2020.2/data/ip'.
open_project: Time (s): cpu = 00:00:23 ; elapsed = 00:00:11 . Memory (MB): peak = 1000.246 ; gain = 0.000
update_compile_order -fileset sources_1
exit
INFO: [Common 17-206] Exiting Vivado at Wed May 11 11:22:07 2022...
