#-----------------------------------------------------------
# Vivado v2020.2 (64-bit)
# SW Build 3064766 on Wed Nov 18 09:12:45 MST 2020
# IP Build 3064653 on Wed Nov 18 14:17:31 MST 2020
# Start of session at: Tue Jun 14 17:59:38 2022
# Process ID: 3076
# Current directory: C:/Academico/UA/4ano/2semestre/CR/Pratica/Guiao6/MB_basePlataform
# Command line: vivado.exe -gui_launcher_event rodinguilauncherevent4760 C:\Academico\UA\4ano\2semestre\CR\Pratica\Guiao6\MB_basePlataform\MB_basePlataform.xpr
# Log file: C:/Academico/UA/4ano/2semestre/CR/Pratica/Guiao6/MB_basePlataform/vivado.log
# Journal file: C:/Academico/UA/4ano/2semestre/CR/Pratica/Guiao6/MB_basePlataform\vivado.jou
#-----------------------------------------------------------
start_gui
open_project C:/Academico/UA/4ano/2semestre/CR/Pratica/Guiao6/MB_basePlataform/MB_basePlataform.xpr
INFO: [Project 1-313] Project file moved from 'C:/Academico/UA/4ano/2semestre/CR/Pratica/Guiao5/MB_basePlataform' since last save.
Scanning sources...
Finished scanning sources
INFO: [IP_Flow 19-234] Refreshing IP repositories
INFO: [IP_Flow 19-1704] No user IP repositories specified
INFO: [IP_Flow 19-2313] Loaded Vivado IP repository 'C:/Xilinx/Vivado/2020.2/data/ip'.
open_project: Time (s): cpu = 00:00:20 ; elapsed = 00:00:11 . Memory (MB): peak = 1000.398 ; gain = 0.000
update_compile_order -fileset sources_1
open_bd_design {C:/Academico/UA/4ano/2semestre/CR/Pratica/Guiao6/MB_basePlataform/MB_basePlataform.srcs/sources_1/bd/mb_design/mb_design.bd}
Reading block design file <C:/Academico/UA/4ano/2semestre/CR/Pratica/Guiao6/MB_basePlataform/MB_basePlataform.srcs/sources_1/bd/mb_design/mb_design.bd>...
Adding component instance block -- xilinx.com:ip:microblaze:11.0 - microblaze_0
Adding component instance block -- xilinx.com:ip:lmb_v10:3.0 - dlmb_v10
Adding component instance block -- xilinx.com:ip:lmb_v10:3.0 - ilmb_v10
Adding component instance block -- xilinx.com:ip:lmb_bram_if_cntlr:4.0 - dlmb_bram_if_cntlr
Adding component instance block -- xilinx.com:ip:lmb_bram_if_cntlr:4.0 - ilmb_bram_if_cntlr
Adding component instance block -- xilinx.com:ip:blk_mem_gen:8.4 - lmb_bram
Adding component instance block -- xilinx.com:ip:axi_interconnect:2.1 - microblaze_0_axi_periph
Adding component instance block -- xilinx.com:ip:axi_crossbar:2.1 - xbar
Adding component instance block -- xilinx.com:ip:axi_intc:4.1 - microblaze_0_axi_intc
Adding component instance block -- xilinx.com:ip:xlconcat:2.1 - microblaze_0_xlconcat
Adding component instance block -- xilinx.com:ip:mdm:3.2 - mdm_1
Adding component instance block -- xilinx.com:ip:clk_wiz:6.0 - clk_wiz_1
Adding component instance block -- xilinx.com:ip:proc_sys_reset:5.0 - rst_clk_wiz_1_100M
Adding component instance block -- xilinx.com:ip:axi_gpio:2.0 - axi_gpio_switches
Adding component instance block -- xilinx.com:ip:axi_gpio:2.0 - axi_gpio_leds
Adding component instance block -- xilinx.com:ip:axi_gpio:2.0 - axi_gpio_buttons
Adding component instance block -- xilinx.com:ip:axi_gpio:2.0 - axi_gpio_displays
Adding component instance block -- xilinx.com:ip:axi_uartlite:2.0 - axi_uartlite_0
Adding component instance block -- xilinx.com:ip:axi_timer:2.0 - axi_timer_0
Adding component instance block -- xilinx.com:ip:fit_timer:2.0 - fit_timer_0
Successfully read diagram <mb_design> from block design file <C:/Academico/UA/4ano/2semestre/CR/Pratica/Guiao6/MB_basePlataform/MB_basePlataform.srcs/sources_1/bd/mb_design/mb_design.bd>
open_bd_design: Time (s): cpu = 00:00:16 ; elapsed = 00:00:15 . Memory (MB): peak = 1000.398 ; gain = 0.000
exit
INFO: [Common 17-206] Exiting Vivado at Tue Jun 14 18:34:30 2022...
