#-----------------------------------------------------------
# Vivado v2020.2 (64-bit)
# SW Build 3064766 on Wed Nov 18 09:12:45 MST 2020
# IP Build 3064653 on Wed Nov 18 14:17:31 MST 2020
# Start of session at: Sat Mar 19 19:16:44 2022
# Process ID: 5336
# Current directory: C:/Academico/UA/4ano/2semestre/CR/Pratica/Guiao2/guiao2
# Command line: vivado.exe -gui_launcher_event rodinguilauncherevent17548 C:\Academico\UA\4ano\2semestre\CR\Pratica\Guiao2\guiao2\guiao2.xpr
# Log file: C:/Academico/UA/4ano/2semestre/CR/Pratica/Guiao2/guiao2/vivado.log
# Journal file: C:/Academico/UA/4ano/2semestre/CR/Pratica/Guiao2/guiao2\vivado.jou
#-----------------------------------------------------------
start_gui
open_project C:/Academico/UA/4ano/2semestre/CR/Pratica/Guiao2/guiao2/guiao2.xpr
WARNING: [filemgmt 56-3] Default IP Output Path : Could not find the directory 'C:/Academico/UA/4ano/2semestre/CR/Pratica/Guiao2/guiao2/guiao2.gen/sources_1'.
Scanning sources...
Finished scanning sources
INFO: [IP_Flow 19-234] Refreshing IP repositories
INFO: [IP_Flow 19-1704] No user IP repositories specified
INFO: [IP_Flow 19-2313] Loaded Vivado IP repository 'C:/Xilinx/Vivado/2020.2/data/ip'.
open_project: Time (s): cpu = 00:00:16 ; elapsed = 00:00:06 . Memory (MB): peak = 999.910 ; gain = 0.000
update_compile_order -fileset sources_1
reset_run synth_1
launch_runs synth_1 -jobs 4
[Sat Mar 19 19:19:17 2022] Launched synth_1...
Run output will be captured here: C:/Academico/UA/4ano/2semestre/CR/Pratica/Guiao2/guiao2/guiao2.runs/synth_1/runme.log
launch_runs impl_1 -jobs 4
[Sat Mar 19 19:20:06 2022] Launched impl_1...
Run output will be captured here: C:/Academico/UA/4ano/2semestre/CR/Pratica/Guiao2/guiao2/guiao2.runs/impl_1/runme.log
launch_runs impl_1 -to_step write_bitstream -jobs 4
[Sat Mar 19 19:21:35 2022] Launched impl_1...
Run output will be captured here: C:/Academico/UA/4ano/2semestre/CR/Pratica/Guiao2/guiao2/guiao2.runs/impl_1/runme.log
open_hw_manager
connect_hw_server -allow_non_jtag
INFO: [Labtools 27-2285] Connecting to hw_server url TCP:localhost:3121
INFO: [Labtools 27-2222] Launching hw_server...
INFO: [Labtools 27-2221] Launch Output:

****** Xilinx hw_server v2020.2
  **** Build date : Nov 18 2020 at 10:01:48
    ** Copyright 1986-2020 Xilinx, Inc. All Rights Reserved.


INFO: [Labtools 27-3415] Connecting to cs_server url TCP:localhost:3042
INFO: [Labtools 27-3417] Launching cs_server...
INFO: [Labtools 27-2221] Launch Output:


******** Xilinx cs_server v2020.2
  ****** Build date   : Nov 03 2020-21:02:56
    **** Build number : 2020.2.1604437376
      ** Copyright 2017-2020 Xilinx, Inc. All Rights Reserved.



connect_hw_server: Time (s): cpu = 00:00:00 ; elapsed = 00:00:11 . Memory (MB): peak = 999.910 ; gain = 0.000
open_hw_target
INFO: [Labtoolstcl 44-466] Opening hw_target localhost:3121/xilinx_tcf/Digilent/210274505240A
open_hw_target: Time (s): cpu = 00:00:06 ; elapsed = 00:00:06 . Memory (MB): peak = 2296.996 ; gain = 1297.086
set_property PROGRAM.FILE {C:/Academico/UA/4ano/2semestre/CR/Pratica/Guiao2/guiao2/guiao2.runs/impl_1/counter_1Hz.bit} [get_hw_devices xc7a100t_0]
current_hw_device [get_hw_devices xc7a100t_0]
refresh_hw_device -update_hw_probes false [lindex [get_hw_devices xc7a100t_0] 0]
INFO: [Labtools 27-1435] Device xc7a100t (JTAG device index = 0) is not programmed (DONE status = 0).
set_property PROBES.FILE {} [get_hw_devices xc7a100t_0]
set_property FULL_PROBES.FILE {} [get_hw_devices xc7a100t_0]
set_property PROGRAM.FILE {C:/Academico/UA/4ano/2semestre/CR/Pratica/Guiao2/guiao2/guiao2.runs/impl_1/counter_1Hz.bit} [get_hw_devices xc7a100t_0]
program_hw_devices [get_hw_devices xc7a100t_0]
INFO: [Labtools 27-3164] End of startup status: HIGH
refresh_hw_device [lindex [get_hw_devices xc7a100t_0] 0]
INFO: [Labtools 27-1434] Device xc7a100t (JTAG device index = 0) is programmed with a design that has no supported debug core(s) in it.
close_hw_manager
update_compile_order -fileset sources_1
reset_run synth_1
launch_runs synth_1 -jobs 4
[Sat Mar 19 19:26:20 2022] Launched synth_1...
Run output will be captured here: C:/Academico/UA/4ano/2semestre/CR/Pratica/Guiao2/guiao2/guiao2.runs/synth_1/runme.log
launch_runs impl_1 -jobs 4
[Sat Mar 19 19:27:21 2022] Launched impl_1...
Run output will be captured here: C:/Academico/UA/4ano/2semestre/CR/Pratica/Guiao2/guiao2/guiao2.runs/impl_1/runme.log
launch_runs impl_1 -to_step write_bitstream -jobs 4
[Sat Mar 19 19:28:54 2022] Launched impl_1...
Run output will be captured here: C:/Academico/UA/4ano/2semestre/CR/Pratica/Guiao2/guiao2/guiao2.runs/impl_1/runme.log
open_hw_manager
connect_hw_server -allow_non_jtag
INFO: [Labtools 27-2285] Connecting to hw_server url TCP:localhost:3121
INFO: [Labtools 27-2222] Launching hw_server...
INFO: [Labtools 27-2221] Launch Output:

****** Xilinx hw_server v2020.2
  **** Build date : Nov 18 2020 at 10:01:48
    ** Copyright 1986-2020 Xilinx, Inc. All Rights Reserved.


INFO: [Labtools 27-3415] Connecting to cs_server url TCP:localhost:3042
INFO: [Labtools 27-3417] Launching cs_server...
INFO: [Labtools 27-2221] Launch Output:


******** Xilinx cs_server v2020.2
  ****** Build date   : Nov 03 2020-21:02:56
    **** Build number : 2020.2.1604437376
      ** Copyright 2017-2020 Xilinx, Inc. All Rights Reserved.



connect_hw_server: Time (s): cpu = 00:00:00 ; elapsed = 00:00:10 . Memory (MB): peak = 2345.508 ; gain = 0.000
open_hw_target
INFO: [Labtoolstcl 44-466] Opening hw_target localhost:3121/xilinx_tcf/Digilent/210274505240A
set_property PROGRAM.FILE {C:/Academico/UA/4ano/2semestre/CR/Pratica/Guiao2/guiao2/guiao2.runs/impl_1/counter_1Hz.bit} [get_hw_devices xc7a100t_0]
current_hw_device [get_hw_devices xc7a100t_0]
refresh_hw_device -update_hw_probes false [lindex [get_hw_devices xc7a100t_0] 0]
INFO: [Labtools 27-1435] Device xc7a100t (JTAG device index = 0) is not programmed (DONE status = 0).
set_property PROBES.FILE {} [get_hw_devices xc7a100t_0]
set_property FULL_PROBES.FILE {} [get_hw_devices xc7a100t_0]
set_property PROGRAM.FILE {C:/Academico/UA/4ano/2semestre/CR/Pratica/Guiao2/guiao2/guiao2.runs/impl_1/counter_1Hz.bit} [get_hw_devices xc7a100t_0]
program_hw_devices [get_hw_devices xc7a100t_0]
INFO: [Labtools 27-3164] End of startup status: HIGH
refresh_hw_device [lindex [get_hw_devices xc7a100t_0] 0]
INFO: [Labtools 27-1434] Device xc7a100t (JTAG device index = 0) is programmed with a design that has no supported debug core(s) in it.
reset_run synth_1
launch_runs synth_1 -jobs 4
[Sat Mar 19 19:31:32 2022] Launched synth_1...
Run output will be captured here: C:/Academico/UA/4ano/2semestre/CR/Pratica/Guiao2/guiao2/guiao2.runs/synth_1/runme.log
launch_runs impl_1 -jobs 4
[Sat Mar 19 19:32:22 2022] Launched impl_1...
Run output will be captured here: C:/Academico/UA/4ano/2semestre/CR/Pratica/Guiao2/guiao2/guiao2.runs/impl_1/runme.log
close_hw_manager
launch_runs impl_1 -to_step write_bitstream -jobs 4
[Sat Mar 19 19:33:46 2022] Launched impl_1...
Run output will be captured here: C:/Academico/UA/4ano/2semestre/CR/Pratica/Guiao2/guiao2/guiao2.runs/impl_1/runme.log
open_hw_manager
connect_hw_server -allow_non_jtag
INFO: [Labtools 27-2285] Connecting to hw_server url TCP:localhost:3121
INFO: [Labtools 27-2222] Launching hw_server...
INFO: [Labtools 27-2221] Launch Output:

****** Xilinx hw_server v2020.2
  **** Build date : Nov 18 2020 at 10:01:48
    ** Copyright 1986-2020 Xilinx, Inc. All Rights Reserved.


INFO: [Labtools 27-3415] Connecting to cs_server url TCP:localhost:3042
INFO: [Labtools 27-3417] Launching cs_server...
INFO: [Labtools 27-2221] Launch Output:


******** Xilinx cs_server v2020.2
  ****** Build date   : Nov 03 2020-21:02:56
    **** Build number : 2020.2.1604437376
      ** Copyright 2017-2020 Xilinx, Inc. All Rights Reserved.



connect_hw_server: Time (s): cpu = 00:00:00 ; elapsed = 00:00:11 . Memory (MB): peak = 2372.332 ; gain = 0.000
open_hw_target
INFO: [Labtoolstcl 44-466] Opening hw_target localhost:3121/xilinx_tcf/Digilent/210274505240A
set_property PROGRAM.FILE {C:/Academico/UA/4ano/2semestre/CR/Pratica/Guiao2/guiao2/guiao2.runs/impl_1/counter_1Hz.bit} [get_hw_devices xc7a100t_0]
current_hw_device [get_hw_devices xc7a100t_0]
refresh_hw_device -update_hw_probes false [lindex [get_hw_devices xc7a100t_0] 0]
INFO: [Labtools 27-1434] Device xc7a100t (JTAG device index = 0) is programmed with a design that has no supported debug core(s) in it.
set_property PROBES.FILE {} [get_hw_devices xc7a100t_0]
set_property FULL_PROBES.FILE {} [get_hw_devices xc7a100t_0]
set_property PROGRAM.FILE {C:/Academico/UA/4ano/2semestre/CR/Pratica/Guiao2/guiao2/guiao2.runs/impl_1/counter_1Hz.bit} [get_hw_devices xc7a100t_0]
program_hw_devices [get_hw_devices xc7a100t_0]
INFO: [Labtools 27-3164] End of startup status: HIGH
refresh_hw_device [lindex [get_hw_devices xc7a100t_0] 0]
INFO: [Labtools 27-1434] Device xc7a100t (JTAG device index = 0) is programmed with a design that has no supported debug core(s) in it.
reset_run synth_1
launch_runs synth_1 -jobs 4
[Sat Mar 19 19:35:49 2022] Launched synth_1...
Run output will be captured here: C:/Academico/UA/4ano/2semestre/CR/Pratica/Guiao2/guiao2/guiao2.runs/synth_1/runme.log
close_hw_manager
launch_runs impl_1 -jobs 4
[Sat Mar 19 19:36:46 2022] Launched impl_1...
Run output will be captured here: C:/Academico/UA/4ano/2semestre/CR/Pratica/Guiao2/guiao2/guiao2.runs/impl_1/runme.log
launch_runs impl_1 -to_step write_bitstream -jobs 4
[Sat Mar 19 19:38:02 2022] Launched impl_1...
Run output will be captured here: C:/Academico/UA/4ano/2semestre/CR/Pratica/Guiao2/guiao2/guiao2.runs/impl_1/runme.log
open_hw_manager
connect_hw_server -allow_non_jtag
INFO: [Labtools 27-2285] Connecting to hw_server url TCP:localhost:3121
INFO: [Labtools 27-2222] Launching hw_server...
INFO: [Labtools 27-2221] Launch Output:

****** Xilinx hw_server v2020.2
  **** Build date : Nov 18 2020 at 10:01:48
    ** Copyright 1986-2020 Xilinx, Inc. All Rights Reserved.


INFO: [Labtools 27-3415] Connecting to cs_server url TCP:localhost:3042
INFO: [Labtools 27-3417] Launching cs_server...
INFO: [Labtools 27-2221] Launch Output:


******** Xilinx cs_server v2020.2
  ****** Build date   : Nov 03 2020-21:02:56
    **** Build number : 2020.2.1604437376
      ** Copyright 2017-2020 Xilinx, Inc. All Rights Reserved.



connect_hw_server: Time (s): cpu = 00:00:00 ; elapsed = 00:00:09 . Memory (MB): peak = 2372.332 ; gain = 0.000
open_hw_target
INFO: [Labtoolstcl 44-466] Opening hw_target localhost:3121/xilinx_tcf/Digilent/210274505240A
set_property PROGRAM.FILE {C:/Academico/UA/4ano/2semestre/CR/Pratica/Guiao2/guiao2/guiao2.runs/impl_1/counter_1Hz.bit} [get_hw_devices xc7a100t_0]
current_hw_device [get_hw_devices xc7a100t_0]
refresh_hw_device -update_hw_probes false [lindex [get_hw_devices xc7a100t_0] 0]
INFO: [Labtools 27-1434] Device xc7a100t (JTAG device index = 0) is programmed with a design that has no supported debug core(s) in it.
set_property PROBES.FILE {} [get_hw_devices xc7a100t_0]
set_property FULL_PROBES.FILE {} [get_hw_devices xc7a100t_0]
set_property PROGRAM.FILE {C:/Academico/UA/4ano/2semestre/CR/Pratica/Guiao2/guiao2/guiao2.runs/impl_1/counter_1Hz.bit} [get_hw_devices xc7a100t_0]
program_hw_devices [get_hw_devices xc7a100t_0]
INFO: [Labtools 27-3164] End of startup status: HIGH
refresh_hw_device [lindex [get_hw_devices xc7a100t_0] 0]
INFO: [Labtools 27-1434] Device xc7a100t (JTAG device index = 0) is programmed with a design that has no supported debug core(s) in it.
set_property PROBES.FILE {} [get_hw_devices xc7a100t_0]
set_property FULL_PROBES.FILE {} [get_hw_devices xc7a100t_0]
set_property PROGRAM.FILE {C:/Academico/UA/4ano/2semestre/CR/Pratica/Guiao2/guiao2/guiao2.runs/impl_1/counter_1Hz.bit} [get_hw_devices xc7a100t_0]
program_hw_devices [get_hw_devices xc7a100t_0]
INFO: [Labtools 27-3164] End of startup status: HIGH
refresh_hw_device [lindex [get_hw_devices xc7a100t_0] 0]
INFO: [Labtools 27-1434] Device xc7a100t (JTAG device index = 0) is programmed with a design that has no supported debug core(s) in it.
close_hw_manager
reset_run synth_1
launch_runs synth_1 -jobs 4
[Sat Mar 19 19:41:58 2022] Launched synth_1...
Run output will be captured here: C:/Academico/UA/4ano/2semestre/CR/Pratica/Guiao2/guiao2/guiao2.runs/synth_1/runme.log
update_compile_order -fileset sources_1
reset_run synth_1
launch_runs synth_1 -jobs 4
[Sat Mar 19 19:44:44 2022] Launched synth_1...
Run output will be captured here: C:/Academico/UA/4ano/2semestre/CR/Pratica/Guiao2/guiao2/guiao2.runs/synth_1/runme.log
launch_runs impl_1 -jobs 4
[Sat Mar 19 19:46:05 2022] Launched impl_1...
Run output will be captured here: C:/Academico/UA/4ano/2semestre/CR/Pratica/Guiao2/guiao2/guiao2.runs/impl_1/runme.log
launch_runs impl_1 -to_step write_bitstream -jobs 4
[Sat Mar 19 19:47:34 2022] Launched impl_1...
Run output will be captured here: C:/Academico/UA/4ano/2semestre/CR/Pratica/Guiao2/guiao2/guiao2.runs/impl_1/runme.log
open_hw_manager
connect_hw_server -allow_non_jtag
INFO: [Labtools 27-2285] Connecting to hw_server url TCP:localhost:3121
INFO: [Labtools 27-2222] Launching hw_server...
INFO: [Labtools 27-2221] Launch Output:

****** Xilinx hw_server v2020.2
  **** Build date : Nov 18 2020 at 10:01:48
    ** Copyright 1986-2020 Xilinx, Inc. All Rights Reserved.


INFO: [Labtools 27-3415] Connecting to cs_server url TCP:localhost:3042
INFO: [Labtools 27-3417] Launching cs_server...
INFO: [Labtools 27-2221] Launch Output:


******** Xilinx cs_server v2020.2
  ****** Build date   : Nov 03 2020-21:02:56
    **** Build number : 2020.2.1604437376
      ** Copyright 2017-2020 Xilinx, Inc. All Rights Reserved.



connect_hw_server: Time (s): cpu = 00:00:00 ; elapsed = 00:00:12 . Memory (MB): peak = 2376.816 ; gain = 0.000
open_hw_target
INFO: [Labtoolstcl 44-466] Opening hw_target localhost:3121/xilinx_tcf/Digilent/210274505240A
set_property PROGRAM.FILE {C:/Academico/UA/4ano/2semestre/CR/Pratica/Guiao2/guiao2/guiao2.runs/impl_1/counter_1Hz.bit} [get_hw_devices xc7a100t_0]
current_hw_device [get_hw_devices xc7a100t_0]
refresh_hw_device -update_hw_probes false [lindex [get_hw_devices xc7a100t_0] 0]
INFO: [Labtools 27-1434] Device xc7a100t (JTAG device index = 0) is programmed with a design that has no supported debug core(s) in it.
set_property PROBES.FILE {} [get_hw_devices xc7a100t_0]
set_property FULL_PROBES.FILE {} [get_hw_devices xc7a100t_0]
set_property PROGRAM.FILE {C:/Academico/UA/4ano/2semestre/CR/Pratica/Guiao2/guiao2/guiao2.runs/impl_1/counter_1Hz.bit} [get_hw_devices xc7a100t_0]
program_hw_devices [get_hw_devices xc7a100t_0]
INFO: [Labtools 27-3164] End of startup status: HIGH
refresh_hw_device [lindex [get_hw_devices xc7a100t_0] 0]
INFO: [Labtools 27-1434] Device xc7a100t (JTAG device index = 0) is programmed with a design that has no supported debug core(s) in it.
close_hw_manager
reset_run synth_1
launch_runs synth_1 -jobs 4
[Sat Mar 19 19:50:34 2022] Launched synth_1...
Run output will be captured here: C:/Academico/UA/4ano/2semestre/CR/Pratica/Guiao2/guiao2/guiao2.runs/synth_1/runme.log
launch_runs impl_1 -jobs 4
[Sat Mar 19 19:51:22 2022] Launched impl_1...
Run output will be captured here: C:/Academico/UA/4ano/2semestre/CR/Pratica/Guiao2/guiao2/guiao2.runs/impl_1/runme.log
launch_runs impl_1 -to_step write_bitstream -jobs 4
[Sat Mar 19 19:52:49 2022] Launched impl_1...
Run output will be captured here: C:/Academico/UA/4ano/2semestre/CR/Pratica/Guiao2/guiao2/guiao2.runs/impl_1/runme.log
open_hw_manager
connect_hw_server -allow_non_jtag
INFO: [Labtools 27-2285] Connecting to hw_server url TCP:localhost:3121
INFO: [Labtools 27-2222] Launching hw_server...
INFO: [Labtools 27-2221] Launch Output:

****** Xilinx hw_server v2020.2
  **** Build date : Nov 18 2020 at 10:01:48
    ** Copyright 1986-2020 Xilinx, Inc. All Rights Reserved.


INFO: [Labtools 27-3415] Connecting to cs_server url TCP:localhost:3042
INFO: [Labtools 27-3417] Launching cs_server...
INFO: [Labtools 27-2221] Launch Output:


******** Xilinx cs_server v2020.2
  ****** Build date   : Nov 03 2020-21:02:56
    **** Build number : 2020.2.1604437376
      ** Copyright 2017-2020 Xilinx, Inc. All Rights Reserved.



connect_hw_server: Time (s): cpu = 00:00:00 ; elapsed = 00:00:10 . Memory (MB): peak = 2385.738 ; gain = 0.000
open_hw_target
INFO: [Labtoolstcl 44-466] Opening hw_target localhost:3121/xilinx_tcf/Digilent/210274505240A
set_property PROGRAM.FILE {C:/Academico/UA/4ano/2semestre/CR/Pratica/Guiao2/guiao2/guiao2.runs/impl_1/counter_1Hz.bit} [get_hw_devices xc7a100t_0]
current_hw_device [get_hw_devices xc7a100t_0]
refresh_hw_device -update_hw_probes false [lindex [get_hw_devices xc7a100t_0] 0]
INFO: [Labtools 27-1434] Device xc7a100t (JTAG device index = 0) is programmed with a design that has no supported debug core(s) in it.
set_property PROBES.FILE {} [get_hw_devices xc7a100t_0]
set_property FULL_PROBES.FILE {} [get_hw_devices xc7a100t_0]
set_property PROGRAM.FILE {C:/Academico/UA/4ano/2semestre/CR/Pratica/Guiao2/guiao2/guiao2.runs/impl_1/counter_1Hz.bit} [get_hw_devices xc7a100t_0]
program_hw_devices [get_hw_devices xc7a100t_0]
INFO: [Labtools 27-3164] End of startup status: HIGH
refresh_hw_device [lindex [get_hw_devices xc7a100t_0] 0]
INFO: [Labtools 27-1434] Device xc7a100t (JTAG device index = 0) is programmed with a design that has no supported debug core(s) in it.
close_hw_manager
reset_run synth_1
launch_runs synth_1 -jobs 4
[Sat Mar 19 19:54:40 2022] Launched synth_1...
Run output will be captured here: C:/Academico/UA/4ano/2semestre/CR/Pratica/Guiao2/guiao2/guiao2.runs/synth_1/runme.log
launch_runs impl_1 -jobs 4
[Sat Mar 19 19:55:32 2022] Launched impl_1...
Run output will be captured here: C:/Academico/UA/4ano/2semestre/CR/Pratica/Guiao2/guiao2/guiao2.runs/impl_1/runme.log
launch_runs impl_1 -to_step write_bitstream -jobs 4
[Sat Mar 19 19:56:53 2022] Launched impl_1...
Run output will be captured here: C:/Academico/UA/4ano/2semestre/CR/Pratica/Guiao2/guiao2/guiao2.runs/impl_1/runme.log
open_hw_manager
connect_hw_server -allow_non_jtag
INFO: [Labtools 27-2285] Connecting to hw_server url TCP:localhost:3121
INFO: [Labtools 27-2222] Launching hw_server...
INFO: [Labtools 27-2221] Launch Output:

****** Xilinx hw_server v2020.2
  **** Build date : Nov 18 2020 at 10:01:48
    ** Copyright 1986-2020 Xilinx, Inc. All Rights Reserved.


INFO: [Labtools 27-3415] Connecting to cs_server url TCP:localhost:3042
INFO: [Labtools 27-3417] Launching cs_server...
INFO: [Labtools 27-2221] Launch Output:


******** Xilinx cs_server v2020.2
  ****** Build date   : Nov 03 2020-21:02:56
    **** Build number : 2020.2.1604437376
      ** Copyright 2017-2020 Xilinx, Inc. All Rights Reserved.



connect_hw_server: Time (s): cpu = 00:00:00 ; elapsed = 00:00:09 . Memory (MB): peak = 2396.809 ; gain = 0.000
open_hw_target
INFO: [Labtoolstcl 44-466] Opening hw_target localhost:3121/xilinx_tcf/Digilent/210274505240A
set_property PROGRAM.FILE {C:/Academico/UA/4ano/2semestre/CR/Pratica/Guiao2/guiao2/guiao2.runs/impl_1/counter_1Hz.bit} [get_hw_devices xc7a100t_0]
current_hw_device [get_hw_devices xc7a100t_0]
refresh_hw_device -update_hw_probes false [lindex [get_hw_devices xc7a100t_0] 0]
INFO: [Labtools 27-1435] Device xc7a100t (JTAG device index = 0) is not programmed (DONE status = 0).
set_property PROBES.FILE {} [get_hw_devices xc7a100t_0]
set_property FULL_PROBES.FILE {} [get_hw_devices xc7a100t_0]
set_property PROGRAM.FILE {C:/Academico/UA/4ano/2semestre/CR/Pratica/Guiao2/guiao2/guiao2.runs/impl_1/counter_1Hz.bit} [get_hw_devices xc7a100t_0]
program_hw_devices [get_hw_devices xc7a100t_0]
INFO: [Labtools 27-3164] End of startup status: HIGH
refresh_hw_device [lindex [get_hw_devices xc7a100t_0] 0]
INFO: [Labtools 27-1434] Device xc7a100t (JTAG device index = 0) is programmed with a design that has no supported debug core(s) in it.
close_hw_manager
reset_run synth_1
launch_runs synth_1 -jobs 4
[Sat Mar 19 19:58:56 2022] Launched synth_1...
Run output will be captured here: C:/Academico/UA/4ano/2semestre/CR/Pratica/Guiao2/guiao2/guiao2.runs/synth_1/runme.log
launch_runs impl_1 -jobs 4
[Sat Mar 19 19:59:45 2022] Launched impl_1...
Run output will be captured here: C:/Academico/UA/4ano/2semestre/CR/Pratica/Guiao2/guiao2/guiao2.runs/impl_1/runme.log
launch_runs impl_1 -to_step write_bitstream -jobs 4
[Sat Mar 19 20:01:02 2022] Launched impl_1...
Run output will be captured here: C:/Academico/UA/4ano/2semestre/CR/Pratica/Guiao2/guiao2/guiao2.runs/impl_1/runme.log
open_hw_manager
connect_hw_server -allow_non_jtag
INFO: [Labtools 27-2285] Connecting to hw_server url TCP:localhost:3121
INFO: [Labtools 27-2222] Launching hw_server...
INFO: [Labtools 27-2221] Launch Output:

****** Xilinx hw_server v2020.2
  **** Build date : Nov 18 2020 at 10:01:48
    ** Copyright 1986-2020 Xilinx, Inc. All Rights Reserved.


INFO: [Labtools 27-3415] Connecting to cs_server url TCP:localhost:3042
INFO: [Labtools 27-3417] Launching cs_server...
INFO: [Labtools 27-2221] Launch Output:


******** Xilinx cs_server v2020.2
  ****** Build date   : Nov 03 2020-21:02:56
    **** Build number : 2020.2.1604437376
      ** Copyright 2017-2020 Xilinx, Inc. All Rights Reserved.



connect_hw_server: Time (s): cpu = 00:00:00 ; elapsed = 00:00:09 . Memory (MB): peak = 2403.488 ; gain = 0.000
open_hw_target
INFO: [Labtoolstcl 44-466] Opening hw_target localhost:3121/xilinx_tcf/Digilent/210274505240A
set_property PROGRAM.FILE {C:/Academico/UA/4ano/2semestre/CR/Pratica/Guiao2/guiao2/guiao2.runs/impl_1/counter_1Hz.bit} [get_hw_devices xc7a100t_0]
current_hw_device [get_hw_devices xc7a100t_0]
refresh_hw_device -update_hw_probes false [lindex [get_hw_devices xc7a100t_0] 0]
INFO: [Labtools 27-1435] Device xc7a100t (JTAG device index = 0) is not programmed (DONE status = 0).
set_property PROBES.FILE {} [get_hw_devices xc7a100t_0]
set_property FULL_PROBES.FILE {} [get_hw_devices xc7a100t_0]
set_property PROGRAM.FILE {C:/Academico/UA/4ano/2semestre/CR/Pratica/Guiao2/guiao2/guiao2.runs/impl_1/counter_1Hz.bit} [get_hw_devices xc7a100t_0]
program_hw_devices [get_hw_devices xc7a100t_0]
INFO: [Labtools 27-3164] End of startup status: HIGH
refresh_hw_device [lindex [get_hw_devices xc7a100t_0] 0]
INFO: [Labtools 27-1434] Device xc7a100t (JTAG device index = 0) is programmed with a design that has no supported debug core(s) in it.
close_hw_manager
update_compile_order -fileset sources_1
reset_run synth_1
launch_runs synth_1 -jobs 4
[Sat Mar 19 20:03:00 2022] Launched synth_1...
Run output will be captured here: C:/Academico/UA/4ano/2semestre/CR/Pratica/Guiao2/guiao2/guiao2.runs/synth_1/runme.log
launch_runs impl_1 -jobs 4
[Sat Mar 19 20:04:13 2022] Launched impl_1...
Run output will be captured here: C:/Academico/UA/4ano/2semestre/CR/Pratica/Guiao2/guiao2/guiao2.runs/impl_1/runme.log
launch_runs impl_1 -to_step write_bitstream -jobs 4
[Sat Mar 19 20:05:39 2022] Launched impl_1...
Run output will be captured here: C:/Academico/UA/4ano/2semestre/CR/Pratica/Guiao2/guiao2/guiao2.runs/impl_1/runme.log
open_hw_manager
connect_hw_server -allow_non_jtag
INFO: [Labtools 27-2285] Connecting to hw_server url TCP:localhost:3121
INFO: [Labtools 27-2222] Launching hw_server...
INFO: [Labtools 27-2221] Launch Output:

****** Xilinx hw_server v2020.2
  **** Build date : Nov 18 2020 at 10:01:48
    ** Copyright 1986-2020 Xilinx, Inc. All Rights Reserved.


INFO: [Labtools 27-3415] Connecting to cs_server url TCP:localhost:3042
INFO: [Labtools 27-3417] Launching cs_server...
INFO: [Labtools 27-2221] Launch Output:


******** Xilinx cs_server v2020.2
  ****** Build date   : Nov 03 2020-21:02:56
    **** Build number : 2020.2.1604437376
      ** Copyright 2017-2020 Xilinx, Inc. All Rights Reserved.



connect_hw_server: Time (s): cpu = 00:00:01 ; elapsed = 00:00:09 . Memory (MB): peak = 2427.770 ; gain = 0.000
open_hw_target
INFO: [Labtoolstcl 44-466] Opening hw_target localhost:3121/xilinx_tcf/Digilent/210274505240A
set_property PROGRAM.FILE {C:/Academico/UA/4ano/2semestre/CR/Pratica/Guiao2/guiao2/guiao2.runs/impl_1/counter_1Hz.bit} [get_hw_devices xc7a100t_0]
current_hw_device [get_hw_devices xc7a100t_0]
refresh_hw_device -update_hw_probes false [lindex [get_hw_devices xc7a100t_0] 0]
INFO: [Labtools 27-1434] Device xc7a100t (JTAG device index = 0) is programmed with a design that has no supported debug core(s) in it.
set_property PROBES.FILE {} [get_hw_devices xc7a100t_0]
set_property FULL_PROBES.FILE {} [get_hw_devices xc7a100t_0]
set_property PROGRAM.FILE {C:/Academico/UA/4ano/2semestre/CR/Pratica/Guiao2/guiao2/guiao2.runs/impl_1/counter_1Hz.bit} [get_hw_devices xc7a100t_0]
program_hw_devices [get_hw_devices xc7a100t_0]
INFO: [Labtools 27-3164] End of startup status: HIGH
refresh_hw_device [lindex [get_hw_devices xc7a100t_0] 0]
INFO: [Labtools 27-1434] Device xc7a100t (JTAG device index = 0) is programmed with a design that has no supported debug core(s) in it.
close_hw_manager
update_compile_order -fileset sources_1
reset_run synth_1
launch_runs synth_1 -jobs 4
[Sat Mar 19 20:09:35 2022] Launched synth_1...
Run output will be captured here: C:/Academico/UA/4ano/2semestre/CR/Pratica/Guiao2/guiao2/guiao2.runs/synth_1/runme.log
update_compile_order -fileset sources_1
reset_run synth_1
launch_runs synth_1 -jobs 4
[Sat Mar 19 20:13:16 2022] Launched synth_1...
Run output will be captured here: C:/Academico/UA/4ano/2semestre/CR/Pratica/Guiao2/guiao2/guiao2.runs/synth_1/runme.log
reset_run synth_1
WARNING: [Vivado 12-1017] Problems encountered:
1. PID not specified

launch_runs synth_1 -jobs 4
[Sat Mar 19 20:13:20 2022] Launched synth_1...
Run output will be captured here: C:/Academico/UA/4ano/2semestre/CR/Pratica/Guiao2/guiao2/guiao2.runs/synth_1/runme.log
launch_runs impl_1 -jobs 4
[Sat Mar 19 20:14:23 2022] Launched impl_1...
Run output will be captured here: C:/Academico/UA/4ano/2semestre/CR/Pratica/Guiao2/guiao2/guiao2.runs/impl_1/runme.log
launch_runs impl_1 -to_step write_bitstream -jobs 4
[Sat Mar 19 20:15:40 2022] Launched impl_1...
Run output will be captured here: C:/Academico/UA/4ano/2semestre/CR/Pratica/Guiao2/guiao2/guiao2.runs/impl_1/runme.log
open_hw_manager
connect_hw_server -allow_non_jtag
INFO: [Labtools 27-2285] Connecting to hw_server url TCP:localhost:3121
INFO: [Labtools 27-2222] Launching hw_server...
INFO: [Labtools 27-2221] Launch Output:

****** Xilinx hw_server v2020.2
  **** Build date : Nov 18 2020 at 10:01:48
    ** Copyright 1986-2020 Xilinx, Inc. All Rights Reserved.


INFO: [Labtools 27-3415] Connecting to cs_server url TCP:localhost:3042
INFO: [Labtools 27-3417] Launching cs_server...
INFO: [Labtools 27-2221] Launch Output:


******** Xilinx cs_server v2020.2
  ****** Build date   : Nov 03 2020-21:02:56
    **** Build number : 2020.2.1604437376
      ** Copyright 2017-2020 Xilinx, Inc. All Rights Reserved.



connect_hw_server: Time (s): cpu = 00:00:00 ; elapsed = 00:00:10 . Memory (MB): peak = 2428.020 ; gain = 0.000
open_hw_target
INFO: [Labtoolstcl 44-466] Opening hw_target localhost:3121/xilinx_tcf/Digilent/210274505240A
set_property PROGRAM.FILE {C:/Academico/UA/4ano/2semestre/CR/Pratica/Guiao2/guiao2/guiao2.runs/impl_1/counter_1Hz.bit} [get_hw_devices xc7a100t_0]
current_hw_device [get_hw_devices xc7a100t_0]
refresh_hw_device -update_hw_probes false [lindex [get_hw_devices xc7a100t_0] 0]
INFO: [Labtools 27-1434] Device xc7a100t (JTAG device index = 0) is programmed with a design that has no supported debug core(s) in it.
set_property PROBES.FILE {} [get_hw_devices xc7a100t_0]
set_property FULL_PROBES.FILE {} [get_hw_devices xc7a100t_0]
set_property PROGRAM.FILE {C:/Academico/UA/4ano/2semestre/CR/Pratica/Guiao2/guiao2/guiao2.runs/impl_1/counter_1Hz.bit} [get_hw_devices xc7a100t_0]
program_hw_devices [get_hw_devices xc7a100t_0]
INFO: [Labtools 27-3164] End of startup status: HIGH
refresh_hw_device [lindex [get_hw_devices xc7a100t_0] 0]
INFO: [Labtools 27-1434] Device xc7a100t (JTAG device index = 0) is programmed with a design that has no supported debug core(s) in it.
close_hw_manager
reset_run synth_1
launch_runs synth_1 -jobs 4
[Sat Mar 19 20:17:57 2022] Launched synth_1...
Run output will be captured here: C:/Academico/UA/4ano/2semestre/CR/Pratica/Guiao2/guiao2/guiao2.runs/synth_1/runme.log
launch_runs impl_1 -jobs 4
[Sat Mar 19 20:18:47 2022] Launched impl_1...
Run output will be captured here: C:/Academico/UA/4ano/2semestre/CR/Pratica/Guiao2/guiao2/guiao2.runs/impl_1/runme.log
launch_runs impl_1 -to_step write_bitstream -jobs 4
[Sat Mar 19 20:20:06 2022] Launched impl_1...
Run output will be captured here: C:/Academico/UA/4ano/2semestre/CR/Pratica/Guiao2/guiao2/guiao2.runs/impl_1/runme.log
open_hw_manager
connect_hw_server -allow_non_jtag
INFO: [Labtools 27-2285] Connecting to hw_server url TCP:localhost:3121
INFO: [Labtools 27-2222] Launching hw_server...
INFO: [Labtools 27-2221] Launch Output:

****** Xilinx hw_server v2020.2
  **** Build date : Nov 18 2020 at 10:01:48
    ** Copyright 1986-2020 Xilinx, Inc. All Rights Reserved.


INFO: [Labtools 27-3415] Connecting to cs_server url TCP:localhost:3042
INFO: [Labtools 27-3417] Launching cs_server...
INFO: [Labtools 27-2221] Launch Output:


******** Xilinx cs_server v2020.2
  ****** Build date   : Nov 03 2020-21:02:56
    **** Build number : 2020.2.1604437376
      ** Copyright 2017-2020 Xilinx, Inc. All Rights Reserved.



connect_hw_server: Time (s): cpu = 00:00:01 ; elapsed = 00:00:09 . Memory (MB): peak = 2428.605 ; gain = 0.000
open_hw_target
INFO: [Labtoolstcl 44-466] Opening hw_target localhost:3121/xilinx_tcf/Digilent/210274505240A
set_property PROGRAM.FILE {C:/Academico/UA/4ano/2semestre/CR/Pratica/Guiao2/guiao2/guiao2.runs/impl_1/counter_1Hz.bit} [get_hw_devices xc7a100t_0]
current_hw_device [get_hw_devices xc7a100t_0]
refresh_hw_device -update_hw_probes false [lindex [get_hw_devices xc7a100t_0] 0]
INFO: [Labtools 27-1434] Device xc7a100t (JTAG device index = 0) is programmed with a design that has no supported debug core(s) in it.
set_property PROBES.FILE {} [get_hw_devices xc7a100t_0]
set_property FULL_PROBES.FILE {} [get_hw_devices xc7a100t_0]
set_property PROGRAM.FILE {C:/Academico/UA/4ano/2semestre/CR/Pratica/Guiao2/guiao2/guiao2.runs/impl_1/counter_1Hz.bit} [get_hw_devices xc7a100t_0]
program_hw_devices [get_hw_devices xc7a100t_0]
INFO: [Labtools 27-3164] End of startup status: HIGH
refresh_hw_device [lindex [get_hw_devices xc7a100t_0] 0]
INFO: [Labtools 27-1434] Device xc7a100t (JTAG device index = 0) is programmed with a design that has no supported debug core(s) in it.
close_hw_manager
reset_run synth_1
launch_runs synth_1 -jobs 4
[Sat Mar 19 20:21:54 2022] Launched synth_1...
Run output will be captured here: C:/Academico/UA/4ano/2semestre/CR/Pratica/Guiao2/guiao2/guiao2.runs/synth_1/runme.log
launch_runs impl_1 -jobs 4
[Sat Mar 19 20:22:44 2022] Launched impl_1...
Run output will be captured here: C:/Academico/UA/4ano/2semestre/CR/Pratica/Guiao2/guiao2/guiao2.runs/impl_1/runme.log
launch_runs impl_1 -to_step write_bitstream -jobs 4
[Sat Mar 19 20:24:01 2022] Launched impl_1...
Run output will be captured here: C:/Academico/UA/4ano/2semestre/CR/Pratica/Guiao2/guiao2/guiao2.runs/impl_1/runme.log
open_hw_manager
connect_hw_server -allow_non_jtag
INFO: [Labtools 27-2285] Connecting to hw_server url TCP:localhost:3121
INFO: [Labtools 27-2222] Launching hw_server...
INFO: [Labtools 27-2221] Launch Output:

****** Xilinx hw_server v2020.2
  **** Build date : Nov 18 2020 at 10:01:48
    ** Copyright 1986-2020 Xilinx, Inc. All Rights Reserved.


INFO: [Labtools 27-3415] Connecting to cs_server url TCP:localhost:3042
INFO: [Labtools 27-3417] Launching cs_server...
INFO: [Labtools 27-2221] Launch Output:


******** Xilinx cs_server v2020.2
  ****** Build date   : Nov 03 2020-21:02:56
    **** Build number : 2020.2.1604437376
      ** Copyright 2017-2020 Xilinx, Inc. All Rights Reserved.



connect_hw_server: Time (s): cpu = 00:00:00 ; elapsed = 00:00:09 . Memory (MB): peak = 2435.305 ; gain = 0.000
open_hw_target
INFO: [Labtoolstcl 44-466] Opening hw_target localhost:3121/xilinx_tcf/Digilent/210274505240A
set_property PROGRAM.FILE {C:/Academico/UA/4ano/2semestre/CR/Pratica/Guiao2/guiao2/guiao2.runs/impl_1/counter_1Hz.bit} [get_hw_devices xc7a100t_0]
current_hw_device [get_hw_devices xc7a100t_0]
refresh_hw_device -update_hw_probes false [lindex [get_hw_devices xc7a100t_0] 0]
INFO: [Labtools 27-1434] Device xc7a100t (JTAG device index = 0) is programmed with a design that has no supported debug core(s) in it.
set_property PROBES.FILE {} [get_hw_devices xc7a100t_0]
set_property FULL_PROBES.FILE {} [get_hw_devices xc7a100t_0]
set_property PROGRAM.FILE {C:/Academico/UA/4ano/2semestre/CR/Pratica/Guiao2/guiao2/guiao2.runs/impl_1/counter_1Hz.bit} [get_hw_devices xc7a100t_0]
program_hw_devices [get_hw_devices xc7a100t_0]
INFO: [Labtools 27-3164] End of startup status: HIGH
refresh_hw_device [lindex [get_hw_devices xc7a100t_0] 0]
INFO: [Labtools 27-1434] Device xc7a100t (JTAG device index = 0) is programmed with a design that has no supported debug core(s) in it.
close_hw_manager
exit
INFO: [Common 17-206] Exiting Vivado at Sat Mar 19 20:25:37 2022...
