#-----------------------------------------------------------
# Vivado v2020.2 (64-bit)
# SW Build 3064766 on Wed Nov 18 09:12:45 MST 2020
# IP Build 3064653 on Wed Nov 18 14:17:31 MST 2020
# Start of session at: Thu Mar 17 20:31:10 2022
# Process ID: 15644
# Current directory: C:/Academico/UA/4ano/2semestre/CR/Pratica/Guiao2/guiao2
# Command line: vivado.exe -gui_launcher_event rodinguilauncherevent19752 C:\Academico\UA\4ano\2semestre\CR\Pratica\Guiao2\guiao2\guiao2.xpr
# Log file: C:/Academico/UA/4ano/2semestre/CR/Pratica/Guiao2/guiao2/vivado.log
# Journal file: C:/Academico/UA/4ano/2semestre/CR/Pratica/Guiao2/guiao2\vivado.jou
#-----------------------------------------------------------
start_gui
open_project C:/Academico/UA/4ano/2semestre/CR/Pratica/Guiao2/guiao2/guiao2.xpr
WARNING: [filemgmt 56-3] Default IP Output Path : Could not find the directory 'C:/Academico/UA/4ano/2semestre/CR/Pratica/Guiao2/guiao2/guiao2.gen/sources_1'.
Scanning sources...
Finished scanning sources
INFO: [IP_Flow 19-234] Refreshing IP repositories
INFO: [IP_Flow 19-1704] No user IP repositories specified
INFO: [IP_Flow 19-2313] Loaded Vivado IP repository 'C:/Xilinx/Vivado/2020.2/data/ip'.
open_project: Time (s): cpu = 00:00:19 ; elapsed = 00:00:07 . Memory (MB): peak = 1000.527 ; gain = 0.000
exit
INFO: [Common 17-206] Exiting Vivareset_run synth_1
launch_runs synth_1 -jobs 4
[Thu Mar 17 20:33:17 2022] Launched synth_1...
Run output will be captured here: C:/Academico/UA/4ano/2semestre/CR/Pratica/Guiao2/guiao2/guiao2.runs/synth_1/runme.log
launch_runs impl_1 -jobs 4
[Thu Mar 17 20:34:38 2022] Launched impl_1...
Run output will be captured here: C:/Academico/UA/4ano/2semestre/CR/Pratica/Guiao2/guiao2/guiao2.runs/impl_1/runme.log
launch_runs impl_1 -to_step write_bitstream -jobs 4
[Thu Mar 17 20:36:24 2022] Launched impl_1...
Run output will be captured here: C:/Academico/UA/4ano/2semestre/CR/Pratica/Guiao2/guiao2/guiao2.runs/impl_1/runme.log
open_hw_manager
connect_hw_server -allow_non_jtag
INFO: [Labtools 27-2285] Connecting to hw_server url TCP:localhost:3121
INFO: [Labtools 27-2222] Launching hw_server...
INFO: [Labtools 27-2221] Launch Output:

****** Xilinx hw_server v2020.2
  **** Build date : Nov 18 2020 at 10:01:48
    ** Copyright 1986-2020 Xilinx, Inc. All Rights Reserved.


INFO: [Labtools 27-3415] Connecting to cs_server url TCP:localhost:3042
INFO: [Labtools 27-3417] Launching cs_server...
INFO: [Labtools 27-2221] Launch Output:


******** Xilinx cs_server v2020.2
  ****** Build date   : Nov 03 2020-21:02:56
    **** Build number : 2020.2.1604437376
      ** Copyright 2017-2020 Xilinx, Inc. All Rights Reserved.



connect_hw_server: Time (s): cpu = 00:00:01 ; elapsed = 00:00:12 . Memory (MB): peak = 1000.125 ; gain = 0.000
open_hw_target
INFO: [Labtoolstcl 44-466] Opening hw_target localhost:3121/xilinx_tcf/Digilent/210274505240A
open_hw_target: Time (s): cpu = 00:00:05 ; elapsed = 00:00:06 . Memory (MB): peak = 2296.090 ; gain = 1295.965
set_property PROGRAM.FILE {C:/Academico/UA/4ano/2semestre/CR/Pratica/Guiao2/guiao2/guiao2.runs/impl_1/counter_1Hz.bit} [get_hw_devices xc7a100t_0]
current_hw_device [get_hw_devices xc7a100t_0]
refresh_hw_device -update_hw_probes false [lindex [get_hw_devices xc7a100t_0] 0]
INFO: [Labtools 27-1435] Device xc7a100t (JTAG device index = 0) is not programmed (DONE status = 0).
set_property PROBES.FILE {} [get_hw_devices xc7a100t_0]
set_property FULL_PROBES.FILE {} [get_hw_devices xc7a100t_0]
set_property PROGRAM.FILE {C:/Academico/UA/4ano/2semestre/CR/Pratica/Guiao2/guiao2/guiao2.runs/impl_1/counter_1Hz.bit} [get_hw_devices xc7a100t_0]
program_hw_devices [get_hw_devices xc7a100t_0]
INFO: [Labtools 27-3164] End of startup status: HIGH
refresh_hw_device [lindex [get_hw_devices xc7a100t_0] 0]
INFO: [Labtools 27-1434] Device xc7a100t (JTAG device index = 0) is programmed with a design that has no supported debug core(s) in it.
close_hw_manager
reset_run synth_1
launch_runs synth_1 -jobs 4
[Thu Mar 17 20:40:07 2022] Launched synth_1...
Run output will be captured here: C:/Academico/UA/4ano/2semestre/CR/Pratica/Guiao2/guiao2/guiao2.runs/synth_1/runme.log
launch_runs impl_1 -jobs 4
[Thu Mar 17 20:41:05 2022] Launched impl_1...
Run output will be captured here: C:/Academico/UA/4ano/2semestre/CR/Pratica/Guiao2/guiao2/guiao2.runs/impl_1/runme.log
reset_run impl_1
reset_run synth_1
launch_runs synth_1 -jobs 4
[Thu Mar 17 20:42:14 2022] Launched synth_1...
Run output will be captured here: C:/Academico/UA/4ano/2semestre/CR/Pratica/Guiao2/guiao2/guiao2.runs/synth_1/runme.log
launch_runs impl_1 -jobs 4
[Thu Mar 17 20:43:04 2022] Launched impl_1...
Run output will be captured here: C:/Academico/UA/4ano/2semestre/CR/Pratica/Guiao2/guiao2/guiao2.runs/impl_1/runme.log
launch_runs impl_1 -to_step write_bitstream -jobs 4
[Thu Mar 17 20:44:29 2022] Launched impl_1...
Run output will be captured here: C:/Academico/UA/4ano/2semestre/CR/Pratica/Guiao2/guiao2/guiao2.runs/impl_1/runme.log
open_hw_manager
connect_hw_server -allow_non_jtag
INFO: [Labtools 27-2285] Connecting to hw_server url TCP:localhost:3121
INFO: [Labtools 27-2222] Launching hw_server...
INFO: [Labtools 27-2221] Launch Output:

****** Xilinx hw_server v2020.2
  **** Build date : Nov 18 2020 at 10:01:48
    ** Copyright 1986-2020 Xilinx, Inc. All Rights Reserved.


INFO: [Labtools 27-3415] Connecting to cs_server url TCP:localhost:3042
INFO: [Labtools 27-3417] Launching cs_server...
INFO: [Labtools 27-2221] Launch Output:


******** Xilinx cs_server v2020.2
  ****** Build date   : Nov 03 2020-21:02:56
    **** Build number : 2020.2.1604437376
      ** Copyright 2017-2020 Xilinx, Inc. All Rights Reserved.



connect_hw_server: Time (s): cpu = 00:00:00 ; elapsed = 00:00:10 . Memory (MB): peak = 2351.402 ; gain = 2.371
open_hw_target
INFO: [Labtoolstcl 44-466] Opening hw_target localhost:3121/xilinx_tcf/Digilent/210274505240A
set_property PROGRAM.FILE {C:/Academico/UA/4ano/2semestre/CR/Pratica/Guiao2/guiao2/guiao2.runs/impl_1/counter_1Hz.bit} [get_hw_devices xc7a100t_0]
current_hw_device [get_hw_devices xc7a100t_0]
refresh_hw_device -update_hw_probes false [lindex [get_hw_devices xc7a100t_0] 0]
INFO: [Labtools 27-1435] Device xc7a100t (JTAG device index = 0) is not programmed (DONE status = 0).
set_property PROBES.FILE {} [get_hw_devices xc7a100t_0]
set_property FULL_PROBES.FILE {} [get_hw_devices xc7a100t_0]
set_property PROGRAM.FILE {C:/Academico/UA/4ano/2semestre/CR/Pratica/Guiao2/guiao2/guiao2.runs/impl_1/counter_1Hz.bit} [get_hw_devices xc7a100t_0]
program_hw_devices [get_hw_devices xc7a100t_0]
INFO: [Labtools 27-3164] End of startup status: HIGH
refresh_hw_device [lindex [get_hw_devices xc7a100t_0] 0]
INFO: [Labtools 27-1434] Device xc7a100t (JTAG device index = 0) is programmed with a design that has no supported debug core(s) in it.
close_hw_manager
reset_run synth_1
launch_runs synth_1 -jobs 4
[Thu Mar 17 20:53:16 2022] Launched synth_1...
Run output will be captured here: C:/Academico/UA/4ano/2semestre/CR/Pratica/Guiao2/guiao2/guiao2.runs/synth_1/runme.log
launch_runs impl_1 -jobs 4
[Thu Mar 17 20:55:23 2022] Launched impl_1...
Run output will be captured here: C:/Academico/UA/4ano/2semestre/CR/Pratica/Guiao2/guiao2/guiao2.runs/impl_1/runme.log
launch_runs impl_1 -to_step write_bitstream -jobs 4
[Thu Mar 17 20:57:14 2022] Launched impl_1...
Run output will be captured here: C:/Academico/UA/4ano/2semestre/CR/Pratica/Guiao2/guiao2/guiao2.runs/impl_1/runme.log
open_hw_manager
connect_hw_server -allow_non_jtag
INFO: [Labtools 27-2285] Connecting to hw_server url TCP:localhost:3121
INFO: [Labtools 27-2222] Launching hw_server...
INFO: [Labtools 27-2221] Launch Output:

****** Xilinx hw_server v2020.2
  **** Build date : Nov 18 2020 at 10:01:48
    ** Copyright 1986-2020 Xilinx, Inc. All Rights Reserved.


INFO: [Labtools 27-3415] Connecting to cs_server url TCP:localhost:3042
INFO: [Labtools 27-3417] Launching cs_server...
INFO: [Labtools 27-2221] Launch Output:


******** Xilinx cs_server v2020.2
  ****** Build date   : Nov 03 2020-21:02:56
    **** Build number : 2020.2.1604437376
      ** Copyright 2017-2020 Xilinx, Inc. All Rights Reserved.



connect_hw_server: Time (s): cpu = 00:00:00 ; elapsed = 00:00:10 . Memory (MB): peak = 2370.746 ; gain = 0.000
open_hw_target
INFO: [Labtoolstcl 44-466] Opening hw_target localhost:3121/xilinx_tcf/Digilent/210274505240A
set_property PROGRAM.FILE {C:/Academico/UA/4ano/2semestre/CR/Pratica/Guiao2/guiao2/guiao2.runs/impl_1/counter_1Hz.bit} [get_hw_devices xc7a100t_0]
current_hw_device [get_hw_devices xc7a100t_0]
refresh_hw_device -update_hw_probes false [lindex [get_hw_devices xc7a100t_0] 0]
INFO: [Labtools 27-1435] Device xc7a100t (JTAG device index = 0) is not programmed (DONE status = 0).
set_property PROBES.FILE {} [get_hw_devices xc7a100t_0]
set_property FULL_PROBES.FILE {} [get_hw_devices xc7a100t_0]
set_property PROGRAM.FILE {C:/Academico/UA/4ano/2semestre/CR/Pratica/Guiao2/guiao2/guiao2.runs/impl_1/counter_1Hz.bit} [get_hw_devices xc7a100t_0]
program_hw_devices [get_hw_devices xc7a100t_0]
INFO: [Labtools 27-3164] End of startup status: HIGH
refresh_hw_device [lindex [get_hw_devices xc7a100t_0] 0]
INFO: [Labtools 27-1434] Device xc7a100t (JTAG device index = 0) is programmed with a design that has no supported debug core(s) in it.
close_hw_manager
update_compile_order -fileset sources_1
reset_run synth_1
launch_runs synth_1 -jobs 4
[Thu Mar 17 21:05:35 2022] Launched synth_1...
Run output will be captured here: C:/Academico/UA/4ano/2semestre/CR/Pratica/Guiao2/guiao2/guiao2.runs/synth_1/runme.log
launch_runs impl_1 -jobs 4
[Thu Mar 17 21:06:23 2022] Launched impl_1...
Run output will be captured here: C:/Academico/UA/4ano/2semestre/CR/Pratica/Guiao2/guiao2/guiao2.runs/impl_1/runme.log
launch_runs impl_1 -to_step write_bitstream -jobs 4
[Thu Mar 17 21:07:46 2022] Launched impl_1...
Run output will be captured here: C:/Academico/UA/4ano/2semestre/CR/Pratica/Guiao2/guiao2/guiao2.runs/impl_1/runme.log
open_hw_manager
connect_hw_server -allow_non_jtag
INFO: [Labtools 27-2285] Connecting to hw_server url TCP:localhost:3121
INFO: [Labtools 27-2222] Launching hw_server...
INFO: [Labtools 27-2221] Launch Output:

****** Xilinx hw_server v2020.2
  **** Build date : Nov 18 2020 at 10:01:48
    ** Copyright 1986-2020 Xilinx, Inc. All Rights Reserved.


INFO: [Labtools 27-3415] Connecting to cs_server url TCP:localhost:3042
INFO: [Labtools 27-3417] Launching cs_server...
INFO: [Labtools 27-2221] Launch Output:


******** Xilinx cs_server v2020.2
  ****** Build date   : Nov 03 2020-21:02:56
    **** Build number : 2020.2.1604437376
      ** Copyright 2017-2020 Xilinx, Inc. All Rights Reserved.



connect_hw_server: Time (s): cpu = 00:00:00 ; elapsed = 00:00:10 . Memory (MB): peak = 2373.355 ; gain = 0.000
open_hw_target
INFO: [Labtoolstcl 44-466] Opening hw_target localhost:3121/xilinx_tcf/Digilent/210274505240A
set_property PROGRAM.FILE {C:/Academico/UA/4ano/2semestre/CR/Pratica/Guiao2/guiao2/guiao2.runs/impl_1/counter_1Hz.bit} [get_hw_devices xc7a100t_0]
current_hw_device [get_hw_devices xc7a100t_0]
refresh_hw_device -update_hw_probes false [lindex [get_hw_devices xc7a100t_0] 0]
INFO: [Labtools 27-1435] Device xc7a100t (JTAG device index = 0) is not programmed (DONE status = 0).
set_property PROBES.FILE {} [get_hw_devices xc7a100t_0]
set_property FULL_PROBES.FILE {} [get_hw_devices xc7a100t_0]
set_property PROGRAM.FILE {C:/Academico/UA/4ano/2semestre/CR/Pratica/Guiao2/guiao2/guiao2.runs/impl_1/counter_1Hz.bit} [get_hw_devices xc7a100t_0]
program_hw_devices [get_hw_devices xc7a100t_0]
INFO: [Labtools 27-3164] End of startup status: HIGH
refresh_hw_device [lindex [get_hw_devices xc7a100t_0] 0]
INFO: [Labtools 27-1434] Device xc7a100t (JTAG device index = 0) is programmed with a design that has no supported debug core(s) in it.
close_hw_manager
reset_run synth_1
launch_runs synth_1 -jobs 4
[Thu Mar 17 21:22:13 2022] Launched synth_1...
Run output will be captured here: C:/Academico/UA/4ano/2semestre/CR/Pratica/Guiao2/guiao2/guiao2.runs/synth_1/runme.log
launch_runs impl_1 -jobs 4
[Thu Mar 17 21:23:40 2022] Launched impl_1...
Run output will be captured here: C:/Academico/UA/4ano/2semestre/CR/Pratica/Guiao2/guiao2/guiao2.runs/impl_1/runme.log
launch_runs impl_1 -to_step write_bitstream -jobs 4
[Thu Mar 17 21:26:57 2022] Launched impl_1...
Run output will be captured here: C:/Academico/UA/4ano/2semestre/CR/Pratica/Guiao2/guiao2/guiao2.runs/impl_1/runme.log
open_hw_manager
connect_hw_server -allow_non_jtag
INFO: [Labtools 27-2285] Connecting to hw_server url TCP:localhost:3121
INFO: [Labtools 27-2222] Launching hw_server...
INFO: [Labtools 27-2221] Launch Output:

****** Xilinx hw_server v2020.2
  **** Build date : Nov 18 2020 at 10:01:48
    ** Copyright 1986-2020 Xilinx, Inc. All Rights Reserved.


INFO: [Labtools 27-3415] Connecting to cs_server url TCP:localhost:3042
INFO: [Labtools 27-3417] Launching cs_server...
INFO: [Labtools 27-2221] Launch Output:


******** Xilinx cs_server v2020.2
  ****** Build date   : Nov 03 2020-21:02:56
    **** Build number : 2020.2.1604437376
      ** Copyright 2017-2020 Xilinx, Inc. All Rights Reserved.



connect_hw_server: Time (s): cpu = 00:00:00 ; elapsed = 00:00:10 . Memory (MB): peak = 2386.277 ; gain = 0.000
open_hw_target
INFO: [Labtoolstcl 44-466] Opening hw_target localhost:3121/xilinx_tcf/Digilent/210274505240A
set_property PROGRAM.FILE {C:/Academico/UA/4ano/2semestre/CR/Pratica/Guiao2/guiao2/guiao2.runs/impl_1/counter_1Hz.bit} [get_hw_devices xc7a100t_0]
current_hw_device [get_hw_devices xc7a100t_0]
refresh_hw_device -update_hw_probes false [lindex [get_hw_devices xc7a100t_0] 0]
INFO: [Labtools 27-1435] Device xc7a100t (JTAG device index = 0) is not programmed (DONE status = 0).
set_property PROBES.FILE {} [get_hw_devices xc7a100t_0]
set_property FULL_PROBES.FILE {} [get_hw_devices xc7a100t_0]
set_property PROGRAM.FILE {C:/Academico/UA/4ano/2semestre/CR/Pratica/Guiao2/guiao2/guiao2.runs/impl_1/counter_1Hz.bit} [get_hw_devices xc7a100t_0]
program_hw_devices [get_hw_devices xc7a100t_0]
INFO: [Labtools 27-3164] End of startup status: HIGH
refresh_hw_device [lindex [get_hw_devices xc7a100t_0] 0]
INFO: [Labtools 27-1434] Device xc7a100t (JTAG device index = 0) is programmed with a design that has no supported debug core(s) in it.
set_property PROBES.FILE {} [get_hw_devices xc7a100t_0]
set_property FULL_PROBES.FILE {} [get_hw_devices xc7a100t_0]
set_property PROGRAM.FILE {C:/Academico/UA/4ano/2semestre/CR/Pratica/Guiao2/guiao2/guiao2.runs/impl_1/counter_1Hz.bit} [get_hw_devices xc7a100t_0]
program_hw_devices [get_hw_devices xc7a100t_0]
INFO: [Labtools 27-3164] End of startup status: HIGH
refresh_hw_device [lindex [get_hw_devices xc7a100t_0] 0]
INFO: [Labtools 27-1434] Device xc7a100t (JTAG device index = 0) is programmed with a design that has no supported debug core(s) in it.
close_hw_manager
reset_run synth_1
launch_runs synth_1 -jobs 4
[Thu Mar 17 21:31:17 2022] Launched synth_1...
Run output will be captured here: C:/Academico/UA/4ano/2semestre/CR/Pratica/Guiao2/guiao2/guiao2.runs/synth_1/runme.log
launch_runs impl_1 -jobs 4
[Thu Mar 17 21:32:33 2022] Launched impl_1...
Run output will be captured here: C:/Academico/UA/4ano/2semestre/CR/Pratica/Guiao2/guiao2/guiao2.runs/impl_1/runme.log
launch_runs impl_1 -to_step write_bitstream -jobs 4
[Thu Mar 17 21:33:56 2022] Launched impl_1...
Run output will be captured here: C:/Academico/UA/4ano/2semestre/CR/Pratica/Guiao2/guiao2/guiao2.runs/impl_1/runme.log
open_hw_manager
connect_hw_server -allow_non_jtag
INFO: [Labtools 27-2285] Connecting to hw_server url TCP:localhost:3121
INFO: [Labtools 27-2222] Launching hw_server...
INFO: [Labtools 27-2221] Launch Output:

****** Xilinx hw_server v2020.2
  **** Build date : Nov 18 2020 at 10:01:48
    ** Copyright 1986-2020 Xilinx, Inc. All Rights Reserved.


INFO: [Labtools 27-3415] Connecting to cs_server url TCP:localhost:3042
INFO: [Labtools 27-3417] Launching cs_server...
INFO: [Labtools 27-2221] Launch Output:


******** Xilinx cs_server v2020.2
  ****** Build date   : Nov 03 2020-21:02:56
    **** Build number : 2020.2.1604437376
      ** Copyright 2017-2020 Xilinx, Inc. All Rights Reserved.



connect_hw_server: Time (s): cpu = 00:00:00 ; elapsed = 00:00:09 . Memory (MB): peak = 2387.609 ; gain = 0.000
open_hw_target
INFO: [Labtoolstcl 44-466] Opening hw_target localhost:3121/xilinx_tcf/Digilent/210274505240A
set_property PROGRAM.FILE {C:/Academico/UA/4ano/2semestre/CR/Pratica/Guiao2/guiao2/guiao2.runs/impl_1/counter_1Hz.bit} [get_hw_devices xc7a100t_0]
current_hw_device [get_hw_devices xc7a100t_0]
refresh_hw_device -update_hw_probes false [lindex [get_hw_devices xc7a100t_0] 0]
INFO: [Labtools 27-1435] Device xc7a100t (JTAG device index = 0) is not programmed (DONE status = 0).
set_property PROBES.FILE {} [get_hw_devices xc7a100t_0]
set_property FULL_PROBES.FILE {} [get_hw_devices xc7a100t_0]
set_property PROGRAM.FILE {C:/Academico/UA/4ano/2semestre/CR/Pratica/Guiao2/guiao2/guiao2.runs/impl_1/counter_1Hz.bit} [get_hw_devices xc7a100t_0]
program_hw_devices [get_hw_devices xc7a100t_0]
INFO: [Labtools 27-3164] End of startup status: HIGH
refresh_hw_device [lindex [get_hw_devices xc7a100t_0] 0]
INFO: [Labtools 27-1434] Device xc7a100t (JTAG device index = 0) is programmed with a design that has no supported debug core(s) in it.
ERROR: [Labtoolstcl 44-513] HW Target shutdown. Closing target: localhost:3121/xilinx_tcf/Digilent/210274505240A
close_hw_manager
reset_run synth_1
launch_runs synth_1 -jobs 4
[Thu Mar 17 21:50:14 2022] Launched synth_1...
Run output will be captured here: C:/Academico/UA/4ano/2semestre/CR/Pratica/Guiao2/guiao2/guiao2.runs/synth_1/runme.log
launch_runs impl_1 -jobs 4
[Thu Mar 17 21:51:04 2022] Launched impl_1...
Run output will be captured here: C:/Academico/UA/4ano/2semestre/CR/Pratica/Guiao2/guiao2/guiao2.runs/impl_1/runme.log
launch_runs impl_1 -to_step write_bitstream -jobs 4
[Thu Mar 17 21:52:33 2022] Launched impl_1...
Run output will be captured here: C:/Academico/UA/4ano/2semestre/CR/Pratica/Guiao2/guiao2/guiao2.runs/impl_1/runme.log
open_hw_manager
connect_hw_server -allow_non_jtag
INFO: [Labtools 27-2285] Connecting to hw_server url TCP:localhost:3121
INFO: [Labtools 27-2222] Launching hw_server...
INFO: [Labtools 27-2221] Launch Output:

****** Xilinx hw_server v2020.2
  **** Build date : Nov 18 2020 at 10:01:48
    ** Copyright 1986-2020 Xilinx, Inc. All Rights Reserved.


INFO: [Labtools 27-3415] Connecting to cs_server url TCP:localhost:3042
INFO: [Labtools 27-3417] Launching cs_server...
INFO: [Labtools 27-2221] Launch Output:


******** Xilinx cs_server v2020.2
  ****** Build date   : Nov 03 2020-21:02:56
    **** Build number : 2020.2.1604437376
      ** Copyright 2017-2020 Xilinx, Inc. All Rights Reserved.



connect_hw_server: Time (s): cpu = 00:00:01 ; elapsed = 00:00:10 . Memory (MB): peak = 2395.512 ; gain = 0.000
open_hw_target
INFO: [Labtoolstcl 44-466] Opening hw_target localhost:3121/xilinx_tcf/Digilent/210274505240A
set_property PROGRAM.FILE {C:/Academico/UA/4ano/2semestre/CR/Pratica/Guiao2/guiao2/guiao2.runs/impl_1/counter_1Hz.bit} [get_hw_devices xc7a100t_0]
current_hw_device [get_hw_devices xc7a100t_0]
refresh_hw_device -update_hw_probes false [lindex [get_hw_devices xc7a100t_0] 0]
INFO: [Labtools 27-1435] Device xc7a100t (JTAG device index = 0) is not programmed (DONE status = 0).
set_property PROBES.FILE {} [get_hw_devices xc7a100t_0]
set_property FULL_PROBES.FILE {} [get_hw_devices xc7a100t_0]
set_property PROGRAM.FILE {C:/Academico/UA/4ano/2semestre/CR/Pratica/Guiao2/guiao2/guiao2.runs/impl_1/counter_1Hz.bit} [get_hw_devices xc7a100t_0]
program_hw_devices [get_hw_devices xc7a100t_0]
INFO: [Labtools 27-3164] End of startup status: HIGH
refresh_hw_device [lindex [get_hw_devices xc7a100t_0] 0]
INFO: [Labtools 27-1434] Device xc7a100t (JTAG device index = 0) is programmed with a design that has no supported debug core(s) in it.
close_hw_manager
update_compile_order -fileset sources_1
reset_run synth_1
launch_runs synth_1 -jobs 4
[Thu Mar 17 22:30:19 2022] Launched synth_1...
Run output will be captured here: C:/Academico/UA/4ano/2semestre/CR/Pratica/Guiao2/guiao2/guiao2.runs/synth_1/runme.log
reset_run synth_1
launch_runs synth_1 -jobs 4
[Thu Mar 17 22:32:01 2022] Launched synth_1...
Run output will be captured here: C:/Academico/UA/4ano/2semestre/CR/Pratica/Guiao2/guiao2/guiao2.runs/synth_1/runme.log
reset_run synth_1
launch_runs synth_1 -jobs 4
[Thu Mar 17 22:35:02 2022] Launched synth_1...
Run output will be captured here: C:/Academico/UA/4ano/2semestre/CR/Pratica/Guiao2/guiao2/guiao2.runs/synth_1/runme.log
launch_runs impl_1 -jobs 4
[Thu Mar 17 22:35:55 2022] Launched impl_1...
Run output will be captured here: C:/Academico/UA/4ano/2semestre/CR/Pratica/Guiao2/guiao2/guiao2.runs/impl_1/runme.log
launch_runs impl_1 -to_step write_bitstream -jobs 4
[Thu Mar 17 22:37:17 2022] Launched impl_1...
Run output will be captured here: C:/Academico/UA/4ano/2semestre/CR/Pratica/Guiao2/guiao2/guiao2.runs/impl_1/runme.log
reset_run synth_1
launch_runs synth_1 -jobs 4
[Thu Mar 17 22:40:10 2022] Launched synth_1...
Run output will be captured here: C:/Academico/UA/4ano/2semestre/CR/Pratica/Guiao2/guiao2/guiao2.runs/synth_1/runme.log
launch_runs impl_1 -jobs 4
[Thu Mar 17 22:40:58 2022] Launched impl_1...
Run output will be captured here: C:/Academico/UA/4ano/2semestre/CR/Pratica/Guiao2/guiao2/guiao2.runs/impl_1/runme.log
launch_runs impl_1 -to_step write_bitstream -jobs 4
[Thu Mar 17 22:42:47 2022] Launched impl_1...
Run output will be captured here: C:/Academico/UA/4ano/2semestre/CR/Pratica/Guiao2/guiao2/guiao2.runs/impl_1/runme.log
open_hw_manager
connect_hw_server -allow_non_jtag
INFO: [Labtools 27-2285] Connecting to hw_server url TCP:localhost:3121
INFO: [Labtools 27-2222] Launching hw_server...
INFO: [Labtools 27-2221] Launch Output:

****** Xilinx hw_server v2020.2
  **** Build date : Nov 18 2020 at 10:01:48
    ** Copyright 1986-2020 Xilinx, Inc. All Rights Reserved.


INFO: [Labtools 27-3415] Connecting to cs_server url TCP:localhost:3042
INFO: [Labtools 27-3417] Launching cs_server...
INFO: [Labtools 27-2221] Launch Output:


******** Xilinx cs_server v2020.2
  ****** Build date   : Nov 03 2020-21:02:56
    **** Build number : 2020.2.1604437376
      ** Copyright 2017-2020 Xilinx, Inc. All Rights Reserved.



connect_hw_server: Time (s): cpu = 00:00:01 ; elapsed = 00:00:10 . Memory (MB): peak = 2420.906 ; gain = 0.000
open_hw_target
INFO: [Labtoolstcl 44-466] Opening hw_target localhost:3121/xilinx_tcf/Digilent/210274505240A
set_property PROGRAM.FILE {C:/Academico/UA/4ano/2semestre/CR/Pratica/Guiao2/guiao2/guiao2.runs/impl_1/counter_1Hz.bit} [get_hw_devices xc7a100t_0]
current_hw_device [get_hw_devices xc7a100t_0]
refresh_hw_device -update_hw_probes false [lindex [get_hw_devices xc7a100t_0] 0]
INFO: [Labtools 27-1435] Device xc7a100t (JTAG device index = 0) is not programmed (DONE status = 0).
set_property PROBES.FILE {} [get_hw_devices xc7a100t_0]
set_property FULL_PROBES.FILE {} [get_hw_devices xc7a100t_0]
set_property PROGRAM.FILE {C:/Academico/UA/4ano/2semestre/CR/Pratica/Guiao2/guiao2/guiao2.runs/impl_1/counter_1Hz.bit} [get_hw_devices xc7a100t_0]
program_hw_devices [get_hw_devices xc7a100t_0]
INFO: [Labtools 27-3164] End of startup status: HIGH
refresh_hw_device [lindex [get_hw_devices xc7a100t_0] 0]
INFO: [Labtools 27-1434] Device xc7a100t (JTAG device index = 0) is programmed with a design that has no supported debug core(s) in it.
close_hw_manager
exit
INFO: [Common 17-206] Exiting Vivado at Thu Mar 17 22:45:19 2022...
