#-----------------------------------------------------------
# Vivado v2020.2 (64-bit)
# SW Build 3064766 on Wed Nov 18 09:12:45 MST 2020
# IP Build 3064653 on Wed Nov 18 14:17:31 MST 2020
# Start of session at: Tue Apr  5 21:47:39 2022
# Process ID: 6356
# Current directory: C:/Academico/UA/4ano/2semestre/CR/Pratica/Guiao4/parte1
# Command line: vivado.exe -gui_launcher_event rodinguilauncherevent20068 C:\Academico\UA\4ano\2semestre\CR\Pratica\Guiao4\parte1\parte1.xpr
# Log file: C:/Academico/UA/4ano/2semestre/CR/Pratica/Guiao4/parte1/vivado.log
# Journal file: C:/Academico/UA/4ano/2semestre/CR/Pratica/Guiao4/parte1\vivado.jou
#-----------------------------------------------------------
start_gui
open_project C:/Academico/UA/4ano/2semestre/CR/Pratica/Guiao4/parte1/parte1.xpr
WARNING: [filemgmt 56-3] Default IP Output Path : Could not find the directory 'C:/Academico/UA/4ano/2semestre/CR/Pratica/Guiao4/parte1/parte1.gen/sources_1'.
Scanning sources...
Finished scanning sources
INFO: [IP_Flow 19-234] Refreshing IP repositories
INFO: [IP_Flow 19-1704] No user IP repositories specified
INFO: [IP_Flow 19-2313] Loaded Vivado IP repository 'C:/Xilinx/Vivado/2020.2/data/ip'.
open_project: Time (s): cpu = 00:00:31 ; elapsed = 00:00:12 . Memory (MB): peak = 1001.301 ; gain = 0.000
update_compile_order -fileset sources_1
exit
INFO: [Common 17-206] Exiting Vivado at Tue Apr  5 22:20:39 2022...
